[ 2017-08-24T10:07:54+08:00 ] 192.168.1.60 /
INFO: [ app_begin ] --START--
INFO: Run Behavior\ReadHtmlCache [ RunTime:0.013001s ]
INFO: [ app_begin ] --END-- [ RunTime:0.024001s ]
SQL: SHOW COLUMNS FROM `cs_content_category` [ RunTime:0.044002s ]
SQL: SELECT * FROM `cs_content_category` WHERE ( `pid` = 0 ) AND ( `status` = 1 ) ORDER BY sort asc  [ RunTime:0.005001s ]
SQL: SELECT `col_url` FROM `cs_content_category` WHERE ( `pid` = 1 ) ORDER BY sort asc LIMIT 1   [ RunTime:0.001000s ]
SQL: SELECT `col_url` FROM `cs_content_category` WHERE ( `pid` = 2 ) ORDER BY sort asc LIMIT 1   [ RunTime:0.001000s ]
SQL: SELECT `col_url` FROM `cs_content_category` WHERE ( `pid` = 3 ) ORDER BY sort asc LIMIT 1   [ RunTime:0.001000s ]
SQL: SELECT `col_url` FROM `cs_content_category` WHERE ( `pid` = 5 ) ORDER BY sort asc LIMIT 1   [ RunTime:0.000000s ]
SQL: SELECT * FROM `cs_content_category` WHERE ( `tpcode` = '' ) LIMIT 1   [ RunTime:0.001000s ]
SQL: SELECT * FROM `cs_content_category` WHERE ( `tpcode` = '' ) LIMIT 1   [ RunTime:0.001000s ]
SQL: SELECT * FROM `cs_content_category` WHERE ( `status` = 1 ) AND ( `pid` = null ) ORDER BY sort asc  [ RunTime:0.001000s ]
SQL: SELECT * FROM `cs_content_category` WHERE ( `tpcode` = '' ) LIMIT 1   [ RunTime:0.001000s ]
SQL: SELECT * FROM `cs_content_category` WHERE ( `pid` = null ) AND ( `status` = 1 ) ORDER BY sort asc LIMIT 1   [ RunTime:0.001000s ]
SQL: SELECT * FROM `cs_content_category` WHERE ( tpcode='' and pid=0 ) LIMIT 1   [ RunTime:0.001000s ]
SQL: SELECT * FROM `cs_content_category` WHERE ( id='' ) LIMIT 1   [ RunTime:0.001000s ]
SQL: SELECT * FROM `cs_content_category` WHERE ( `id` = null ) LIMIT 1   [ RunTime:0.001000s ]
SQL: SHOW COLUMNS FROM cs_ad_list t1 [ RunTime:0.001001s ]
ERR: 1064:You have an error in your SQL syntax; check the manual that corresponds to your MySQL server version for the right syntax to use near 't1' at line 1
 [ SQL语句 ] : SHOW COLUMNS FROM cs_ad_list t1
SQL: SELECT t2.img,t1.id,t2.title,t2.url FROM cs_ad_list t1 left JOIN cs_ad_content t2 on t1.id = t2.ad_list_id  WHERE ( t1.simple_code='' ) ORDER BY sort asc LIMIT 1   [ RunTime:0.066003s ]
SQL: SHOW COLUMNS FROM cs_content_content as t1 [ RunTime:0.000000s ]
ERR: 1064:You have an error in your SQL syntax; check the manual that corresponds to your MySQL server version for the right syntax to use near 'as t1' at line 1
 [ SQL语句 ] : SHOW COLUMNS FROM cs_content_content as t1
SQL: SELECT t1.contents FROM cs_content_content as t1 INNER JOIN cs_content_category as t2 on t1.col_id=t2.id  WHERE ( t2.tpcode='QYWH' and t1.status=1 ) ORDER BY istop desc,t1.create_time desc,update_time desc LIMIT 1   [ RunTime:0.050003s ]
SQL: SHOW COLUMNS FROM `cs_pro` [ RunTime:0.037002s ]
SQL: SELECT `id`,`thumb`,`names`,`description` FROM `cs_pro` WHERE ( `sort2` IN (0,2) ) ORDER BY sort asc  [ RunTime:0.013001s ]
SQL: SELECT `id` FROM `cs_content_category` WHERE ( tpcode='ZXZX' ) LIMIT 1   [ RunTime:0.001000s ]
SQL: SELECT * FROM `cs_content_category` WHERE ( `status` = 1 ) AND ( `pid` = 3 ) ORDER BY sort asc LIMIT 3   [ RunTime:0.001000s ]
SQL: SHOW COLUMNS FROM `cs_content_content` [ RunTime:0.009001s ]
SQL: SELECT * FROM `cs_content_content` WHERE ( col_id = 10 and status=1 ) ORDER BY istop desc,create_time desc,update_time desc LIMIT 6   [ RunTime:0.001000s ]
SQL: SELECT * FROM `cs_content_content` WHERE ( col_id = 26 and status=1 ) ORDER BY istop desc,create_time desc,update_time desc LIMIT 6   [ RunTime:0.001000s ]
SQL: SELECT * FROM `cs_content_content` WHERE ( col_id = 27 and status=1 ) ORDER BY istop desc,create_time desc,update_time desc LIMIT 6   [ RunTime:0.001000s ]
SQL: SHOW COLUMNS FROM cs_ad_content as t1 [ RunTime:0.001000s ]
ERR: 1064:You have an error in your SQL syntax; check the manual that corresponds to your MySQL server version for the right syntax to use near 'as t1' at line 1
 [ SQL语句 ] : SHOW COLUMNS FROM cs_ad_content as t1
SQL: SELECT t1.img,t1.url FROM cs_ad_content as t1 INNER JOIN cs_ad_list as t2 on t1.ad_list_id=t2.id  WHERE ( t2.simple_code='SYGG' )  [ RunTime:0.001000s ]
SQL: SELECT t2.img,t1.id,t2.title,t2.url FROM cs_ad_list t1 left JOIN cs_ad_content t2 on t1.id = t2.ad_list_id  WHERE ( t1.simple_code='SYZXGG' ) ORDER BY sort asc LIMIT 1   [ RunTime:0.008001s ]
SQL: SELECT t1.contents,t1.title,t1.thumb FROM cs_content_content as t1 INNER JOIN cs_content_category as t2 on t1.col_id=t2.id  WHERE ( t2.tpcode='BLZY' and t1.status=1 ) ORDER BY istop desc,t1.create_time desc,update_time desc LIMIT 3   [ RunTime:0.003000s ]
INFO: [ view_parse ] --START--
INFO: [ template_filter ] --START--
INFO: Run Behavior\ContentReplace [ RunTime:0.000000s ]
INFO: [ template_filter ] --END-- [ RunTime:0.000000s ]
INFO: Run Behavior\ParseTemplate [ RunTime:0.359020s ]
INFO: [ view_parse ] --END-- [ RunTime:0.360020s ]
INFO: [ view_filter ] --START--
INFO: Run Behavior\WriteHtmlCache [ RunTime:0.007001s ]
INFO: [ view_filter ] --END-- [ RunTime:0.007001s ]
INFO: [ app_end ] --START--
INFO: Run Behavior\ShowPageTrace [ RunTime:0.007000s ]
INFO: [ app_end ] --END-- [ RunTime:0.007000s ]

[ 2017-08-24T10:57:09+08:00 ] 192.168.1.60 /
INFO: [ app_begin ] --START--
INFO: Run Behavior\ReadHtmlCache [ RunTime:0.003000s ]
INFO: [ app_begin ] --END-- [ RunTime:0.004000s ]
SQL: SHOW COLUMNS FROM `cs_content_category` [ RunTime:0.005000s ]
SQL: SELECT * FROM `cs_content_category` WHERE ( `pid` = 0 ) AND ( `status` = 1 ) ORDER BY sort asc  [ RunTime:0.001000s ]
SQL: SELECT `col_url` FROM `cs_content_category` WHERE ( `pid` = 1 ) ORDER BY sort asc LIMIT 1   [ RunTime:0.001000s ]
SQL: SELECT `col_url` FROM `cs_content_category` WHERE ( `pid` = 2 ) ORDER BY sort asc LIMIT 1   [ RunTime:0.001000s ]
SQL: SELECT `col_url` FROM `cs_content_category` WHERE ( `pid` = 3 ) ORDER BY sort asc LIMIT 1   [ RunTime:0.000000s ]
SQL: SELECT `col_url` FROM `cs_content_category` WHERE ( `pid` = 5 ) ORDER BY sort asc LIMIT 1   [ RunTime:0.000000s ]
SQL: SELECT * FROM `cs_content_category` WHERE ( `tpcode` = '' ) LIMIT 1   [ RunTime:0.000000s ]
SQL: SELECT * FROM `cs_content_category` WHERE ( `tpcode` = '' ) LIMIT 1   [ RunTime:0.000000s ]
SQL: SELECT * FROM `cs_content_category` WHERE ( `status` = 1 ) AND ( `pid` = null ) ORDER BY sort asc  [ RunTime:0.000000s ]
SQL: SELECT * FROM `cs_content_category` WHERE ( `tpcode` = '' ) LIMIT 1   [ RunTime:0.000000s ]
SQL: SELECT * FROM `cs_content_category` WHERE ( `pid` = null ) AND ( `status` = 1 ) ORDER BY sort asc LIMIT 1   [ RunTime:0.000000s ]
SQL: SELECT * FROM `cs_content_category` WHERE ( tpcode='' and pid=0 ) LIMIT 1   [ RunTime:0.000000s ]
SQL: SELECT * FROM `cs_content_category` WHERE ( id='' ) LIMIT 1   [ RunTime:0.001000s ]
SQL: SELECT * FROM `cs_content_category` WHERE ( `id` = null ) LIMIT 1   [ RunTime:0.000000s ]
SQL: SHOW COLUMNS FROM cs_ad_list t1 [ RunTime:0.000000s ]
ERR: 1064:You have an error in your SQL syntax; check the manual that corresponds to your MySQL server version for the right syntax to use near 't1' at line 1
 [ SQL语句 ] : SHOW COLUMNS FROM cs_ad_list t1
SQL: SELECT t2.img,t1.id,t2.title,t2.url FROM cs_ad_list t1 left JOIN cs_ad_content t2 on t1.id = t2.ad_list_id  WHERE ( t1.simple_code='' ) ORDER BY sort asc LIMIT 1   [ RunTime:0.005001s ]
SQL: SHOW COLUMNS FROM cs_content_content as t1 [ RunTime:0.000000s ]
ERR: 1064:You have an error in your SQL syntax; check the manual that corresponds to your MySQL server version for the right syntax to use near 'as t1' at line 1
 [ SQL语句 ] : SHOW COLUMNS FROM cs_content_content as t1
SQL: SELECT t1.contents FROM cs_content_content as t1 INNER JOIN cs_content_category as t2 on t1.col_id=t2.id  WHERE ( t2.tpcode='QYWH' and t1.status=1 ) ORDER BY istop desc,t1.create_time desc,update_time desc LIMIT 1   [ RunTime:0.001000s ]
SQL: SHOW COLUMNS FROM `cs_pro` [ RunTime:0.006000s ]
SQL: SELECT `id`,`thumb`,`names`,`description` FROM `cs_pro` WHERE ( `sort2` IN (0,2) ) ORDER BY sort asc  [ RunTime:0.001000s ]
SQL: SELECT `id` FROM `cs_content_category` WHERE ( tpcode='ZXZX' ) LIMIT 1   [ RunTime:0.001000s ]
SQL: SELECT * FROM `cs_content_category` WHERE ( `status` = 1 ) AND ( `pid` = 3 ) ORDER BY sort asc LIMIT 3   [ RunTime:0.000000s ]
SQL: SHOW COLUMNS FROM `cs_content_content` [ RunTime:0.004001s ]
SQL: SELECT * FROM `cs_content_content` WHERE ( col_id = 10 and status=1 ) ORDER BY istop desc,create_time desc,update_time desc LIMIT 6   [ RunTime:0.000000s ]
SQL: SELECT * FROM `cs_content_content` WHERE ( col_id = 26 and status=1 ) ORDER BY istop desc,create_time desc,update_time desc LIMIT 6   [ RunTime:0.001000s ]
SQL: SELECT * FROM `cs_content_content` WHERE ( col_id = 27 and status=1 ) ORDER BY istop desc,create_time desc,update_time desc LIMIT 6   [ RunTime:0.001000s ]
SQL: SHOW COLUMNS FROM cs_ad_content as t1 [ RunTime:0.000000s ]
ERR: 1064:You have an error in your SQL syntax; check the manual that corresponds to your MySQL server version for the right syntax to use near 'as t1' at line 1
 [ SQL语句 ] : SHOW COLUMNS FROM cs_ad_content as t1
SQL: SELECT t1.img,t1.url FROM cs_ad_content as t1 INNER JOIN cs_ad_list as t2 on t1.ad_list_id=t2.id  WHERE ( t2.simple_code='SYGG' )  [ RunTime:0.001000s ]
SQL: SELECT t2.img,t1.id,t2.title,t2.url FROM cs_ad_list t1 left JOIN cs_ad_content t2 on t1.id = t2.ad_list_id  WHERE ( t1.simple_code='SYZXGG' ) ORDER BY sort asc LIMIT 1   [ RunTime:0.004000s ]
SQL: SELECT t1.contents,t1.title,t1.thumb FROM cs_content_content as t1 INNER JOIN cs_content_category as t2 on t1.col_id=t2.id  WHERE ( t2.tpcode='BLZY' and t1.status=1 ) ORDER BY istop desc,t1.create_time desc,update_time desc LIMIT 3   [ RunTime:0.000000s ]
INFO: [ view_parse ] --START--
INFO: [ template_filter ] --START--
INFO: Run Behavior\ContentReplace [ RunTime:0.000000s ]
INFO: [ template_filter ] --END-- [ RunTime:0.000000s ]
INFO: Run Behavior\ParseTemplate [ RunTime:0.017001s ]
INFO: [ view_parse ] --END-- [ RunTime:0.017001s ]
INFO: [ view_filter ] --START--
INFO: Run Behavior\WriteHtmlCache [ RunTime:0.001000s ]
INFO: [ view_filter ] --END-- [ RunTime:0.001000s ]
INFO: [ app_end ] --START--
INFO: Run Behavior\ShowPageTrace [ RunTime:0.001000s ]
INFO: [ app_end ] --END-- [ RunTime:0.001000s ]

[ 2017-08-24T18:34:02+08:00 ] 192.168.1.60 /
INFO: [ app_begin ] --START--
INFO: Run Behavior\ReadHtmlCache [ RunTime:0.001000s ]
INFO: [ app_begin ] --END-- [ RunTime:0.001000s ]
SQL: SHOW COLUMNS FROM `cs_content_category` [ RunTime:0.044003s ]
SQL: SELECT * FROM `cs_content_category` WHERE ( `pid` = 0 ) AND ( `status` = 1 ) ORDER BY sort asc  [ RunTime:0.032001s ]
SQL: SELECT `col_url` FROM `cs_content_category` WHERE ( `pid` = 1 ) ORDER BY sort asc LIMIT 1   [ RunTime:0.001000s ]
SQL: SELECT `col_url` FROM `cs_content_category` WHERE ( `pid` = 2 ) ORDER BY sort asc LIMIT 1   [ RunTime:0.000000s ]
SQL: SELECT `col_url` FROM `cs_content_category` WHERE ( `pid` = 3 ) ORDER BY sort asc LIMIT 1   [ RunTime:0.000000s ]
SQL: SELECT `col_url` FROM `cs_content_category` WHERE ( `pid` = 5 ) ORDER BY sort asc LIMIT 1   [ RunTime:0.000000s ]
SQL: SELECT * FROM `cs_content_category` WHERE ( `tpcode` = '' ) LIMIT 1   [ RunTime:0.000000s ]
SQL: SELECT * FROM `cs_content_category` WHERE ( `tpcode` = '' ) LIMIT 1   [ RunTime:0.001001s ]
SQL: SELECT * FROM `cs_content_category` WHERE ( `status` = 1 ) AND ( `pid` = null ) ORDER BY sort asc  [ RunTime:0.000000s ]
SQL: SELECT * FROM `cs_content_category` WHERE ( `tpcode` = '' ) LIMIT 1   [ RunTime:0.000000s ]
SQL: SELECT * FROM `cs_content_category` WHERE ( `pid` = null ) AND ( `status` = 1 ) ORDER BY sort asc LIMIT 1   [ RunTime:0.001000s ]
SQL: SELECT * FROM `cs_content_category` WHERE ( tpcode='' and pid=0 ) LIMIT 1   [ RunTime:0.001000s ]
SQL: SELECT * FROM `cs_content_category` WHERE ( id='' ) LIMIT 1   [ RunTime:0.000000s ]
SQL: SELECT * FROM `cs_content_category` WHERE ( `id` = null ) LIMIT 1   [ RunTime:0.001000s ]
SQL: SHOW COLUMNS FROM cs_ad_list t1 [ RunTime:0.000000s ]
ERR: 1064:You have an error in your SQL syntax; check the manual that corresponds to your MySQL server version for the right syntax to use near 't1' at line 1
 [ SQL语句 ] : SHOW COLUMNS FROM cs_ad_list t1
SQL: SELECT t2.img,t1.id,t2.title,t2.url FROM cs_ad_list t1 left JOIN cs_ad_content t2 on t1.id = t2.ad_list_id  WHERE ( t1.simple_code='' ) ORDER BY sort asc LIMIT 1   [ RunTime:0.109006s ]
SQL: SHOW COLUMNS FROM cs_content_content as t1 [ RunTime:0.000000s ]
ERR: 1064:You have an error in your SQL syntax; check the manual that corresponds to your MySQL server version for the right syntax to use near 'as t1' at line 1
 [ SQL语句 ] : SHOW COLUMNS FROM cs_content_content as t1
SQL: SELECT t1.contents FROM cs_content_content as t1 INNER JOIN cs_content_category as t2 on t1.col_id=t2.id  WHERE ( t2.tpcode='QYWH' and t1.status=1 ) ORDER BY istop desc,t1.create_time desc,update_time desc LIMIT 1   [ RunTime:0.110006s ]
SQL: SHOW COLUMNS FROM `cs_pro` [ RunTime:0.042003s ]
SQL: SELECT `id`,`thumb`,`names`,`description` FROM `cs_pro` WHERE ( `sort2` IN (0,2) ) ORDER BY sort asc  [ RunTime:0.031001s ]
SQL: SELECT `id` FROM `cs_content_category` WHERE ( tpcode='ZXZX' ) LIMIT 1   [ RunTime:0.001000s ]
SQL: SELECT * FROM `cs_content_category` WHERE ( `status` = 1 ) AND ( `pid` = 3 ) ORDER BY sort asc LIMIT 3   [ RunTime:0.000000s ]
SQL: SHOW COLUMNS FROM `cs_content_content` [ RunTime:0.005001s ]
SQL: SELECT * FROM `cs_content_content` WHERE ( col_id = 10 and status=1 ) ORDER BY istop desc,create_time desc,update_time desc LIMIT 6   [ RunTime:0.001000s ]
SQL: SELECT * FROM `cs_content_content` WHERE ( col_id = 26 and status=1 ) ORDER BY istop desc,create_time desc,update_time desc LIMIT 6   [ RunTime:0.000000s ]
SQL: SELECT * FROM `cs_content_content` WHERE ( col_id = 27 and status=1 ) ORDER BY istop desc,create_time desc,update_time desc LIMIT 6   [ RunTime:0.001000s ]
SQL: SHOW COLUMNS FROM cs_ad_content as t1 [ RunTime:0.000000s ]
ERR: 1064:You have an error in your SQL syntax; check the manual that corresponds to your MySQL server version for the right syntax to use near 'as t1' at line 1
 [ SQL语句 ] : SHOW COLUMNS FROM cs_ad_content as t1
SQL: SELECT t1.img,t1.url FROM cs_ad_content as t1 INNER JOIN cs_ad_list as t2 on t1.ad_list_id=t2.id  WHERE ( t2.simple_code='SYGG' )  [ RunTime:0.010000s ]
SQL: SELECT t2.img,t1.id,t2.title,t2.url FROM cs_ad_list t1 left JOIN cs_ad_content t2 on t1.id = t2.ad_list_id  WHERE ( t1.simple_code='SYZXGG' ) ORDER BY sort asc LIMIT 1   [ RunTime:0.004001s ]
SQL: SELECT t1.contents,t1.title,t1.thumb FROM cs_content_content as t1 INNER JOIN cs_content_category as t2 on t1.col_id=t2.id  WHERE ( t2.tpcode='BLZY' and t1.status=1 ) ORDER BY istop desc,t1.create_time desc,update_time desc LIMIT 3   [ RunTime:0.000000s ]
INFO: [ view_parse ] --START--
INFO: [ template_filter ] --START--
INFO: Run Behavior\ContentReplace [ RunTime:0.000000s ]
INFO: [ template_filter ] --END-- [ RunTime:0.000000s ]
INFO: Run Behavior\ParseTemplate [ RunTime:0.079004s ]
INFO: [ view_parse ] --END-- [ RunTime:0.079004s ]
INFO: [ view_filter ] --START--
INFO: Run Behavior\WriteHtmlCache [ RunTime:0.020001s ]
INFO: [ view_filter ] --END-- [ RunTime:0.020001s ]
INFO: [ app_end ] --START--
INFO: Run Behavior\ShowPageTrace [ RunTime:0.033002s ]
INFO: [ app_end ] --END-- [ RunTime:0.033002s ]

[ 2017-08-24T18:34:03+08:00 ] 192.168.1.60 /header.html
INFO: [ app_begin ] --START--
INFO: Run Behavior\ReadHtmlCache [ RunTime:0.002001s ]
INFO: [ app_begin ] --END-- [ RunTime:0.002001s ]
ERR: 无法加载控制器:Header

[ 2017-08-24T18:34:03+08:00 ] 192.168.1.60 /footer.html
INFO: [ app_begin ] --START--
INFO: Run Behavior\ReadHtmlCache [ RunTime:0.001000s ]
INFO: [ app_begin ] --END-- [ RunTime:0.001000s ]
ERR: 无法加载控制器:Footer

[ 2017-08-24T18:34:37+08:00 ] 192.168.1.60 /Home
INFO: [ app_begin ] --START--
INFO: Run Behavior\ReadHtmlCache [ RunTime:0.001000s ]
INFO: [ app_begin ] --END-- [ RunTime:0.001000s ]
INFO: [ view_parse ] --START--
INFO: [ template_filter ] --START--
INFO: Run Behavior\ContentReplace [ RunTime:0.000000s ]
INFO: [ template_filter ] --END-- [ RunTime:0.000000s ]
INFO: Run Behavior\ParseTemplate [ RunTime:0.043002s ]
INFO: [ view_parse ] --END-- [ RunTime:0.043002s ]
INFO: [ view_filter ] --START--
INFO: Run Behavior\WriteHtmlCache [ RunTime:0.001000s ]
INFO: [ view_filter ] --END-- [ RunTime:0.001000s ]
INFO: [ app_end ] --START--
INFO: Run Behavior\ShowPageTrace [ RunTime:0.000000s ]
INFO: [ app_end ] --END-- [ RunTime:0.000000s ]

[ 2017-08-24T18:34:45+08:00 ] 192.168.1.60 /Home/Index/login
INFO: [ app_begin ] --START--
INFO: Run Behavior\ReadHtmlCache [ RunTime:0.003000s ]
INFO: [ app_begin ] --END-- [ RunTime:0.004000s ]
SQL: SHOW COLUMNS FROM cs_user as a [ RunTime:0.001000s ]
ERR: 1064:You have an error in your SQL syntax; check the manual that corresponds to your MySQL server version for the right syntax to use near 'as a' at line 1
 [ SQL语句 ] : SHOW COLUMNS FROM cs_user as a
SQL: SELECT `user_Id`,a.company_id,`username`,`real_name`,`is_use`,b.company_name,`company_type`,b.company_num FROM cs_user as a LEFT JOIN `cs_company` as b ON a.company_id=b.company_id  WHERE ( `username` = 'admin' ) AND ( `password` = 'aaad501a6f8c4d4c4533ba78cdf43b4e' ) LIMIT 1   [ RunTime:0.169010s ]
INFO: [ view_parse ] --START--
INFO: [ template_filter ] --START--
INFO: Run Behavior\ContentReplace [ RunTime:0.000000s ]
INFO: [ template_filter ] --END-- [ RunTime:0.000000s ]
INFO: Run Behavior\ParseTemplate [ RunTime:0.040002s ]
INFO: [ view_parse ] --END-- [ RunTime:0.040002s ]
INFO: [ view_filter ] --START--
INFO: Run Behavior\WriteHtmlCache [ RunTime:0.001000s ]
INFO: [ view_filter ] --END-- [ RunTime:0.001000s ]

[ 2017-08-24T18:34:49+08:00 ] 192.168.1.60 /Home/Index/login
INFO: [ app_begin ] --START--
INFO: Run Behavior\ReadHtmlCache [ RunTime:0.002000s ]
INFO: [ app_begin ] --END-- [ RunTime:0.002000s ]
SQL: SHOW COLUMNS FROM cs_user as a [ RunTime:0.000000s ]
ERR: 1064:You have an error in your SQL syntax; check the manual that corresponds to your MySQL server version for the right syntax to use near 'as a' at line 1
 [ SQL语句 ] : SHOW COLUMNS FROM cs_user as a
SQL: SELECT `user_Id`,a.company_id,`username`,`real_name`,`is_use`,b.company_name,`company_type`,b.company_num FROM cs_user as a LEFT JOIN `cs_company` as b ON a.company_id=b.company_id  WHERE ( `username` = 'admin' ) AND ( `password` = 'aaad501a6f8c4d4c4533ba78cdf43b4e' ) LIMIT 1   [ RunTime:0.000000s ]
INFO: [ view_parse ] --START--
INFO: [ template_filter ] --START--
INFO: Run Behavior\ContentReplace [ RunTime:0.000000s ]
INFO: [ template_filter ] --END-- [ RunTime:0.000000s ]
INFO: Run Behavior\ParseTemplate [ RunTime:0.007001s ]
INFO: [ view_parse ] --END-- [ RunTime:0.007001s ]
INFO: [ view_filter ] --START--
INFO: Run Behavior\WriteHtmlCache [ RunTime:0.001000s ]
INFO: [ view_filter ] --END-- [ RunTime:0.001000s ]

[ 2017-08-24T18:34:55+08:00 ] 192.168.1.60 /Home/Index/login
INFO: [ app_begin ] --START--
INFO: Run Behavior\ReadHtmlCache [ RunTime:0.002000s ]
INFO: [ app_begin ] --END-- [ RunTime:0.003000s ]
SQL: SHOW COLUMNS FROM cs_user as a [ RunTime:0.001000s ]
ERR: 1064:You have an error in your SQL syntax; check the manual that corresponds to your MySQL server version for the right syntax to use near 'as a' at line 1
 [ SQL语句 ] : SHOW COLUMNS FROM cs_user as a
SQL: SELECT `user_Id`,a.company_id,`username`,`real_name`,`is_use`,b.company_name,`company_type`,b.company_num FROM cs_user as a LEFT JOIN `cs_company` as b ON a.company_id=b.company_id  WHERE ( `username` = 'admin' ) AND ( `password` = 'c7587f7409d4fe85cd5faaceb727146f' ) LIMIT 1   [ RunTime:0.000000s ]
SQL: SHOW COLUMNS FROM cs_userrole as a [ RunTime:0.001000s ]
ERR: 1064:You have an error in your SQL syntax; check the manual that corresponds to your MySQL server version for the right syntax to use near 'as a' at line 1
 [ SQL语句 ] : SHOW COLUMNS FROM cs_userrole as a
SQL: SELECT `role_name`,`role_type`,`role_identity`,`role_position`,`role_num` FROM cs_userrole as a LEFT JOIN `cs_role` as b ON a.role_Id = b.role_Id  WHERE ( `user_Id`='6' ) LIMIT 1   [ RunTime:0.033002s ]
NOTIC: [8] A session had already been started - ignoring session_start() E:\www\zwt\ThinkPHP\Common\functions.php 第 1092 行.

[ 2017-08-24T18:34:55+08:00 ] 192.168.1.60 /Home/User
INFO: [ app_begin ] --START--
INFO: Run Behavior\ReadHtmlCache [ RunTime:0.001000s ]
INFO: [ app_begin ] --END-- [ RunTime:0.001000s ]
SQL: SHOW COLUMNS FROM cs_userrole as a [ RunTime:0.000000s ]
ERR: 1064:You have an error in your SQL syntax; check the manual that corresponds to your MySQL server version for the right syntax to use near 'as a' at line 1
 [ SQL语句 ] : SHOW COLUMNS FROM cs_userrole as a
SQL: SELECT menu_Id,menu_name,menu_url,relation_Id FROM `cs_menu` where menu_Id IN (SELECT distinct menu_Id FROM `cs_rolemenu` as a LEFT JOIN `cs_role` as b ON a.role_Id=b.role_Id where a.role_Id IN (SELECT role_Id FROM `cs_userrole` where (`user_Id` = '6' and b.`role_status` = 1 and `menu_status` = 1 ) ))  [ RunTime:0.073005s ]
SQL: SELECT menu_Id,menu_name,menu_url,relation_Id FROM `cs_menu` where menu_Id IN (SELECT distinct menu_Id FROM `cs_rolemenu` as a LEFT JOIN `cs_role` as b ON a.role_Id=b.role_Id where a.role_Id IN (SELECT role_Id FROM `cs_userrole` where (`user_Id` = '6' and b.`role_status` = 1 and `menu_status` = 1 and `relation_Id` = 0 and `menu_show` = 1) )) order by menu_sort asc [ RunTime:0.019001s ]
SQL: SELECT menu_Id,menu_name,menu_url,relation_Id FROM `cs_menu` where menu_Id IN (SELECT distinct menu_Id FROM `cs_rolemenu` as a LEFT JOIN `cs_role` as b ON a.role_Id=b.role_Id where a.role_Id IN (SELECT role_Id FROM `cs_userrole` where (`user_Id` = '6' and b.`role_status` = 1 and `menu_status` = 1 and `relation_Id` = '1' and `menu_show` = 1) )) order by menu_sort asc [ RunTime:0.020001s ]
SQL: SELECT menu_Id,menu_name,menu_url,relation_Id FROM `cs_menu` where menu_Id IN (SELECT distinct menu_Id FROM `cs_rolemenu` as a LEFT JOIN `cs_role` as b ON a.role_Id=b.role_Id where a.role_Id IN (SELECT role_Id FROM `cs_userrole` where (`user_Id` = '6' and b.`role_status` = 1 and `menu_status` = 1 and `relation_Id` = '46' and `menu_show` = 1) )) order by menu_sort asc [ RunTime:0.022001s ]
SQL: SELECT menu_Id,menu_name,menu_url,relation_Id FROM `cs_menu` where menu_Id IN (SELECT distinct menu_Id FROM `cs_rolemenu` as a LEFT JOIN `cs_role` as b ON a.role_Id=b.role_Id where a.role_Id IN (SELECT role_Id FROM `cs_userrole` where (`user_Id` = '6' and b.`role_status` = 1 and `menu_status` = 1 and `relation_Id` = '44' and `menu_show` = 1) )) order by menu_sort asc [ RunTime:0.021001s ]
SQL: SELECT menu_Id,menu_name,menu_url,relation_Id FROM `cs_menu` where menu_Id IN (SELECT distinct menu_Id FROM `cs_rolemenu` as a LEFT JOIN `cs_role` as b ON a.role_Id=b.role_Id where a.role_Id IN (SELECT role_Id FROM `cs_userrole` where (`user_Id` = '6' and b.`role_status` = 1 and `menu_status` = 1 and `relation_Id` = '41' and `menu_show` = 1) )) order by menu_sort asc [ RunTime:0.021002s ]
SQL: SELECT menu_Id,menu_name,menu_url,relation_Id FROM `cs_menu` where menu_Id IN (SELECT distinct menu_Id FROM `cs_rolemenu` as a LEFT JOIN `cs_role` as b ON a.role_Id=b.role_Id where a.role_Id IN (SELECT role_Id FROM `cs_userrole` where (`user_Id` = '6' and b.`role_status` = 1 and `menu_status` = 1 and `relation_Id` = '24' and `menu_show` = 1) )) order by menu_sort asc [ RunTime:0.020001s ]
SQL: SELECT menu_Id,menu_name,menu_url,relation_Id FROM `cs_menu` where menu_Id IN (SELECT distinct menu_Id FROM `cs_rolemenu` as a LEFT JOIN `cs_role` as b ON a.role_Id=b.role_Id where a.role_Id IN (SELECT role_Id FROM `cs_userrole` where (`user_Id` = '6' and b.`role_status` = 1 and `menu_status` = 1 and `relation_Id` = '21' and `menu_show` = 1) )) order by menu_sort asc [ RunTime:0.020001s ]
SQL: SELECT menu_Id,menu_name,menu_url,relation_Id FROM `cs_menu` where menu_Id IN (SELECT distinct menu_Id FROM `cs_rolemenu` as a LEFT JOIN `cs_role` as b ON a.role_Id=b.role_Id where a.role_Id IN (SELECT role_Id FROM `cs_userrole` where (`user_Id` = '6' and b.`role_status` = 1 and `menu_status` = 1 and `relation_Id` = '29' and `menu_show` = 1) )) order by menu_sort asc [ RunTime:0.022001s ]
SQL: SELECT menu_Id,menu_name,menu_url,relation_Id FROM `cs_menu` where menu_Id IN (SELECT distinct menu_Id FROM `cs_rolemenu` as a LEFT JOIN `cs_role` as b ON a.role_Id=b.role_Id where a.role_Id IN (SELECT role_Id FROM `cs_userrole` where (`user_Id` = '6' and b.`role_status` = 1 and `menu_status` = 1 and `relation_Id` = '36' and `menu_show` = 1) )) order by menu_sort asc [ RunTime:0.021001s ]
SQL: SELECT menu_Id,menu_name,menu_url,relation_Id FROM `cs_menu` where menu_Id IN (SELECT distinct menu_Id FROM `cs_rolemenu` as a LEFT JOIN `cs_role` as b ON a.role_Id=b.role_Id where a.role_Id IN (SELECT role_Id FROM `cs_userrole` where (`user_Id` = '6' and b.`role_status` = 1 and `menu_status` = 1 and `relation_Id` = '27' and `menu_show` = 1) )) order by menu_sort asc [ RunTime:0.020001s ]
SQL: SELECT menu_Id,menu_name,menu_url,relation_Id FROM `cs_menu` where menu_Id IN (SELECT distinct menu_Id FROM `cs_rolemenu` as a LEFT JOIN `cs_role` as b ON a.role_Id=b.role_Id where a.role_Id IN (SELECT role_Id FROM `cs_userrole` where (`user_Id` = '6' and b.`role_status` = 1 and `menu_status` = 1 and `relation_Id` = '63' and `menu_show` = 1) )) order by menu_sort asc [ RunTime:0.021002s ]
SQL: SELECT menu_Id,menu_name,menu_url,relation_Id FROM `cs_menu` where menu_Id IN (SELECT distinct menu_Id FROM `cs_rolemenu` as a LEFT JOIN `cs_role` as b ON a.role_Id=b.role_Id where a.role_Id IN (SELECT role_Id FROM `cs_userrole` where (`user_Id` = '6' and b.`role_status` = 1 and `menu_status` = 1 and `relation_Id` = '66' and `menu_show` = 1) )) order by menu_sort asc [ RunTime:0.021001s ]
SQL: SELECT menu_Id,menu_name,menu_url,relation_Id FROM `cs_menu` where menu_Id IN (SELECT distinct menu_Id FROM `cs_rolemenu` as a LEFT JOIN `cs_role` as b ON a.role_Id=b.role_Id where a.role_Id IN (SELECT role_Id FROM `cs_userrole` where (`user_Id` = '6' and b.`role_status` = 1 and `menu_status` = 1 and `relation_Id` = '70' and `menu_show` = 1) )) order by menu_sort asc [ RunTime:0.021001s ]
SQL: SELECT menu_Id,menu_name,menu_url,relation_Id FROM `cs_menu` where menu_Id IN (SELECT distinct menu_Id FROM `cs_rolemenu` as a LEFT JOIN `cs_role` as b ON a.role_Id=b.role_Id where a.role_Id IN (SELECT role_Id FROM `cs_userrole` where (`user_Id` = '6' and b.`role_status` = 1 and `menu_status` = 1 and `relation_Id` = '73' and `menu_show` = 1) )) order by menu_sort asc [ RunTime:0.020001s ]
NOTIC: [8] Undefined index: begin E:\www\zwt\ThinkPHP\Common\functions.php 第 90 行.
INFO: [ view_parse ] --START--
INFO: [ template_filter ] --START--
INFO: Run Behavior\ContentReplace [ RunTime:0.000000s ]
INFO: [ template_filter ] --END-- [ RunTime:0.000000s ]
NOTIC: [8] Undefined index: key E:\www\zwt\Application\Runtime\Cache\Home\6830cbac89ff06451c77cd8769d6d4ca.php 第 80 行.
NOTIC: [8] Undefined index: key E:\www\zwt\Application\Runtime\Cache\Home\6830cbac89ff06451c77cd8769d6d4ca.php 第 80 行.
NOTIC: [8] Undefined index: key E:\www\zwt\Application\Runtime\Cache\Home\6830cbac89ff06451c77cd8769d6d4ca.php 第 80 行.
NOTIC: [8] Undefined index: key E:\www\zwt\Application\Runtime\Cache\Home\6830cbac89ff06451c77cd8769d6d4ca.php 第 80 行.
NOTIC: [8] Undefined index: key E:\www\zwt\Application\Runtime\Cache\Home\6830cbac89ff06451c77cd8769d6d4ca.php 第 80 行.
NOTIC: [8] Undefined index: key E:\www\zwt\Application\Runtime\Cache\Home\6830cbac89ff06451c77cd8769d6d4ca.php 第 80 行.
NOTIC: [8] Undefined index: key E:\www\zwt\Application\Runtime\Cache\Home\6830cbac89ff06451c77cd8769d6d4ca.php 第 80 行.
NOTIC: [8] Undefined index: key E:\www\zwt\Application\Runtime\Cache\Home\6830cbac89ff06451c77cd8769d6d4ca.php 第 80 行.
NOTIC: [8] Undefined index: key E:\www\zwt\Application\Runtime\Cache\Home\6830cbac89ff06451c77cd8769d6d4ca.php 第 80 行.
NOTIC: [8] Undefined index: key E:\www\zwt\Application\Runtime\Cache\Home\6830cbac89ff06451c77cd8769d6d4ca.php 第 80 行.
NOTIC: [8] Undefined index: key E:\www\zwt\Application\Runtime\Cache\Home\6830cbac89ff06451c77cd8769d6d4ca.php 第 80 行.
NOTIC: [8] Undefined index: key E:\www\zwt\Application\Runtime\Cache\Home\6830cbac89ff06451c77cd8769d6d4ca.php 第 80 行.
NOTIC: [8] Undefined index: key E:\www\zwt\Application\Runtime\Cache\Home\6830cbac89ff06451c77cd8769d6d4ca.php 第 80 行.
INFO: Run Behavior\ParseTemplate [ RunTime:0.032002s ]
INFO: [ view_parse ] --END-- [ RunTime:0.032002s ]
INFO: [ view_filter ] --START--
INFO: Run Behavior\WriteHtmlCache [ RunTime:0.001000s ]
INFO: [ view_filter ] --END-- [ RunTime:0.001000s ]
INFO: [ app_end ] --START--
INFO: Run Behavior\ShowPageTrace [ RunTime:0.001000s ]
INFO: [ app_end ] --END-- [ RunTime:0.001000s ]

[ 2017-08-24T18:35:04+08:00 ] 192.168.1.60 /Home/Investment/index
INFO: [ app_begin ] --START--
INFO: Run Behavior\ReadHtmlCache [ RunTime:0.001000s ]
INFO: [ app_begin ] --END-- [ RunTime:0.002001s ]
SQL: SHOW COLUMNS FROM cs_userrole as a [ RunTime:0.000000s ]
ERR: 1064:You have an error in your SQL syntax; check the manual that corresponds to your MySQL server version for the right syntax to use near 'as a' at line 1
 [ SQL语句 ] : SHOW COLUMNS FROM cs_userrole as a
SQL: SELECT menu_Id,menu_name,menu_url,relation_Id FROM `cs_menu` where menu_Id IN (SELECT distinct menu_Id FROM `cs_rolemenu` as a LEFT JOIN `cs_role` as b ON a.role_Id=b.role_Id where a.role_Id IN (SELECT role_Id FROM `cs_userrole` where (`user_Id` = '6' and b.`role_status` = 1 and `menu_status` = 1 and `relation_Id` = 0 and `menu_show` = 1) )) order by menu_sort asc [ RunTime:0.022001s ]
SQL: SELECT menu_Id,menu_name,menu_url,relation_Id FROM `cs_menu` where menu_Id IN (SELECT distinct menu_Id FROM `cs_rolemenu` as a LEFT JOIN `cs_role` as b ON a.role_Id=b.role_Id where a.role_Id IN (SELECT role_Id FROM `cs_userrole` where (`user_Id` = '6' and b.`role_status` = 1 and `menu_status` = 1 and `relation_Id` = '1' and `menu_show` = 1) )) order by menu_sort asc [ RunTime:0.021001s ]
SQL: SELECT menu_Id,menu_name,menu_url,relation_Id FROM `cs_menu` where menu_Id IN (SELECT distinct menu_Id FROM `cs_rolemenu` as a LEFT JOIN `cs_role` as b ON a.role_Id=b.role_Id where a.role_Id IN (SELECT role_Id FROM `cs_userrole` where (`user_Id` = '6' and b.`role_status` = 1 and `menu_status` = 1 and `relation_Id` = '46' and `menu_show` = 1) )) order by menu_sort asc [ RunTime:0.020002s ]
SQL: SELECT menu_Id,menu_name,menu_url,relation_Id FROM `cs_menu` where menu_Id IN (SELECT distinct menu_Id FROM `cs_rolemenu` as a LEFT JOIN `cs_role` as b ON a.role_Id=b.role_Id where a.role_Id IN (SELECT role_Id FROM `cs_userrole` where (`user_Id` = '6' and b.`role_status` = 1 and `menu_status` = 1 and `relation_Id` = '44' and `menu_show` = 1) )) order by menu_sort asc [ RunTime:0.019001s ]
SQL: SELECT menu_Id,menu_name,menu_url,relation_Id FROM `cs_menu` where menu_Id IN (SELECT distinct menu_Id FROM `cs_rolemenu` as a LEFT JOIN `cs_role` as b ON a.role_Id=b.role_Id where a.role_Id IN (SELECT role_Id FROM `cs_userrole` where (`user_Id` = '6' and b.`role_status` = 1 and `menu_status` = 1 and `relation_Id` = '41' and `menu_show` = 1) )) order by menu_sort asc [ RunTime:0.020001s ]
SQL: SELECT menu_Id,menu_name,menu_url,relation_Id FROM `cs_menu` where menu_Id IN (SELECT distinct menu_Id FROM `cs_rolemenu` as a LEFT JOIN `cs_role` as b ON a.role_Id=b.role_Id where a.role_Id IN (SELECT role_Id FROM `cs_userrole` where (`user_Id` = '6' and b.`role_status` = 1 and `menu_status` = 1 and `relation_Id` = '24' and `menu_show` = 1) )) order by menu_sort asc [ RunTime:0.019001s ]
SQL: SELECT menu_Id,menu_name,menu_url,relation_Id FROM `cs_menu` where menu_Id IN (SELECT distinct menu_Id FROM `cs_rolemenu` as a LEFT JOIN `cs_role` as b ON a.role_Id=b.role_Id where a.role_Id IN (SELECT role_Id FROM `cs_userrole` where (`user_Id` = '6' and b.`role_status` = 1 and `menu_status` = 1 and `relation_Id` = '21' and `menu_show` = 1) )) order by menu_sort asc [ RunTime:0.019001s ]
SQL: SELECT menu_Id,menu_name,menu_url,relation_Id FROM `cs_menu` where menu_Id IN (SELECT distinct menu_Id FROM `cs_rolemenu` as a LEFT JOIN `cs_role` as b ON a.role_Id=b.role_Id where a.role_Id IN (SELECT role_Id FROM `cs_userrole` where (`user_Id` = '6' and b.`role_status` = 1 and `menu_status` = 1 and `relation_Id` = '29' and `menu_show` = 1) )) order by menu_sort asc [ RunTime:0.020001s ]
SQL: SELECT menu_Id,menu_name,menu_url,relation_Id FROM `cs_menu` where menu_Id IN (SELECT distinct menu_Id FROM `cs_rolemenu` as a LEFT JOIN `cs_role` as b ON a.role_Id=b.role_Id where a.role_Id IN (SELECT role_Id FROM `cs_userrole` where (`user_Id` = '6' and b.`role_status` = 1 and `menu_status` = 1 and `relation_Id` = '36' and `menu_show` = 1) )) order by menu_sort asc [ RunTime:0.019001s ]
SQL: SELECT menu_Id,menu_name,menu_url,relation_Id FROM `cs_menu` where menu_Id IN (SELECT distinct menu_Id FROM `cs_rolemenu` as a LEFT JOIN `cs_role` as b ON a.role_Id=b.role_Id where a.role_Id IN (SELECT role_Id FROM `cs_userrole` where (`user_Id` = '6' and b.`role_status` = 1 and `menu_status` = 1 and `relation_Id` = '27' and `menu_show` = 1) )) order by menu_sort asc [ RunTime:0.019001s ]
SQL: SELECT menu_Id,menu_name,menu_url,relation_Id FROM `cs_menu` where menu_Id IN (SELECT distinct menu_Id FROM `cs_rolemenu` as a LEFT JOIN `cs_role` as b ON a.role_Id=b.role_Id where a.role_Id IN (SELECT role_Id FROM `cs_userrole` where (`user_Id` = '6' and b.`role_status` = 1 and `menu_status` = 1 and `relation_Id` = '63' and `menu_show` = 1) )) order by menu_sort asc [ RunTime:0.021001s ]
SQL: SELECT menu_Id,menu_name,menu_url,relation_Id FROM `cs_menu` where menu_Id IN (SELECT distinct menu_Id FROM `cs_rolemenu` as a LEFT JOIN `cs_role` as b ON a.role_Id=b.role_Id where a.role_Id IN (SELECT role_Id FROM `cs_userrole` where (`user_Id` = '6' and b.`role_status` = 1 and `menu_status` = 1 and `relation_Id` = '66' and `menu_show` = 1) )) order by menu_sort asc [ RunTime:0.020002s ]
SQL: SELECT menu_Id,menu_name,menu_url,relation_Id FROM `cs_menu` where menu_Id IN (SELECT distinct menu_Id FROM `cs_rolemenu` as a LEFT JOIN `cs_role` as b ON a.role_Id=b.role_Id where a.role_Id IN (SELECT role_Id FROM `cs_userrole` where (`user_Id` = '6' and b.`role_status` = 1 and `menu_status` = 1 and `relation_Id` = '70' and `menu_show` = 1) )) order by menu_sort asc [ RunTime:0.019001s ]
SQL: SELECT menu_Id,menu_name,menu_url,relation_Id FROM `cs_menu` where menu_Id IN (SELECT distinct menu_Id FROM `cs_rolemenu` as a LEFT JOIN `cs_role` as b ON a.role_Id=b.role_Id where a.role_Id IN (SELECT role_Id FROM `cs_userrole` where (`user_Id` = '6' and b.`role_status` = 1 and `menu_status` = 1 and `relation_Id` = '73' and `menu_show` = 1) )) order by menu_sort asc [ RunTime:0.019001s ]
NOTIC: [8] Undefined index: begin E:\www\zwt\ThinkPHP\Common\functions.php 第 90 行.
SQL: SHOW COLUMNS FROM `cs_attract_investment` [ RunTime:0.041002s ]
SQL: SELECT COUNT(*) AS tp_count FROM `cs_attract_investment` LIMIT 1   [ RunTime:0.000000s ]
SQL: SELECT * FROM `cs_attract_investment` LIMIT 0,20   [ RunTime:0.027002s ]
INFO: [ view_parse ] --START--
INFO: [ template_filter ] --START--
INFO: Run Behavior\ContentReplace [ RunTime:0.000000s ]
INFO: [ template_filter ] --END-- [ RunTime:0.000000s ]
NOTIC: [8] Undefined index: key E:\www\zwt\Application\Runtime\Cache\Home\d83c3d73d06b10454c1ba9f087984f4a.php 第 76 行.
NOTIC: [8] Undefined index: key E:\www\zwt\Application\Runtime\Cache\Home\d83c3d73d06b10454c1ba9f087984f4a.php 第 76 行.
NOTIC: [8] Undefined index: key E:\www\zwt\Application\Runtime\Cache\Home\d83c3d73d06b10454c1ba9f087984f4a.php 第 76 行.
NOTIC: [8] Undefined index: key E:\www\zwt\Application\Runtime\Cache\Home\d83c3d73d06b10454c1ba9f087984f4a.php 第 76 行.
NOTIC: [8] Undefined index: key E:\www\zwt\Application\Runtime\Cache\Home\d83c3d73d06b10454c1ba9f087984f4a.php 第 76 行.
NOTIC: [8] Undefined index: key E:\www\zwt\Application\Runtime\Cache\Home\d83c3d73d06b10454c1ba9f087984f4a.php 第 76 行.
NOTIC: [8] Undefined index: key E:\www\zwt\Application\Runtime\Cache\Home\d83c3d73d06b10454c1ba9f087984f4a.php 第 76 行.
NOTIC: [8] Undefined index: key E:\www\zwt\Application\Runtime\Cache\Home\d83c3d73d06b10454c1ba9f087984f4a.php 第 76 行.
NOTIC: [8] Undefined index: key E:\www\zwt\Application\Runtime\Cache\Home\d83c3d73d06b10454c1ba9f087984f4a.php 第 76 行.
NOTIC: [8] Undefined index: key E:\www\zwt\Application\Runtime\Cache\Home\d83c3d73d06b10454c1ba9f087984f4a.php 第 76 行.
NOTIC: [8] Undefined index: key E:\www\zwt\Application\Runtime\Cache\Home\d83c3d73d06b10454c1ba9f087984f4a.php 第 76 行.
NOTIC: [8] Undefined index: key E:\www\zwt\Application\Runtime\Cache\Home\d83c3d73d06b10454c1ba9f087984f4a.php 第 76 行.
INFO: Run Behavior\ParseTemplate [ RunTime:0.059003s ]
INFO: [ view_parse ] --END-- [ RunTime:0.060003s ]
INFO: [ view_filter ] --START--
INFO: Run Behavior\WriteHtmlCache [ RunTime:0.000000s ]
INFO: [ view_filter ] --END-- [ RunTime:0.001000s ]
INFO: [ app_end ] --START--
INFO: Run Behavior\ShowPageTrace [ RunTime:0.002000s ]
INFO: [ app_end ] --END-- [ RunTime:0.002000s ]

[ 2017-08-24T18:35:49+08:00 ] 192.168.1.60 /Home/User/menu_list
INFO: [ app_begin ] --START--
INFO: Run Behavior\ReadHtmlCache [ RunTime:0.000000s ]
INFO: [ app_begin ] --END-- [ RunTime:0.001001s ]
SQL: SHOW COLUMNS FROM cs_userrole as a [ RunTime:0.001000s ]
ERR: 1064:You have an error in your SQL syntax; check the manual that corresponds to your MySQL server version for the right syntax to use near 'as a' at line 1
 [ SQL语句 ] : SHOW COLUMNS FROM cs_userrole as a
SQL: SELECT menu_Id,menu_name,menu_url,relation_Id FROM `cs_menu` where menu_Id IN (SELECT distinct menu_Id FROM `cs_rolemenu` as a LEFT JOIN `cs_role` as b ON a.role_Id=b.role_Id where a.role_Id IN (SELECT role_Id FROM `cs_userrole` where (`user_Id` = '6' and b.`role_status` = 1 and `menu_status` = 1 and `relation_Id` = 0 and `menu_show` = 1) )) order by menu_sort asc [ RunTime:0.024002s ]
SQL: SELECT menu_Id,menu_name,menu_url,relation_Id FROM `cs_menu` where menu_Id IN (SELECT distinct menu_Id FROM `cs_rolemenu` as a LEFT JOIN `cs_role` as b ON a.role_Id=b.role_Id where a.role_Id IN (SELECT role_Id FROM `cs_userrole` where (`user_Id` = '6' and b.`role_status` = 1 and `menu_status` = 1 and `relation_Id` = '1' and `menu_show` = 1) )) order by menu_sort asc [ RunTime:0.021001s ]
SQL: SELECT menu_Id,menu_name,menu_url,relation_Id FROM `cs_menu` where menu_Id IN (SELECT distinct menu_Id FROM `cs_rolemenu` as a LEFT JOIN `cs_role` as b ON a.role_Id=b.role_Id where a.role_Id IN (SELECT role_Id FROM `cs_userrole` where (`user_Id` = '6' and b.`role_status` = 1 and `menu_status` = 1 and `relation_Id` = '46' and `menu_show` = 1) )) order by menu_sort asc [ RunTime:0.024001s ]
SQL: SELECT menu_Id,menu_name,menu_url,relation_Id FROM `cs_menu` where menu_Id IN (SELECT distinct menu_Id FROM `cs_rolemenu` as a LEFT JOIN `cs_role` as b ON a.role_Id=b.role_Id where a.role_Id IN (SELECT role_Id FROM `cs_userrole` where (`user_Id` = '6' and b.`role_status` = 1 and `menu_status` = 1 and `relation_Id` = '44' and `menu_show` = 1) )) order by menu_sort asc [ RunTime:0.019001s ]
SQL: SELECT menu_Id,menu_name,menu_url,relation_Id FROM `cs_menu` where menu_Id IN (SELECT distinct menu_Id FROM `cs_rolemenu` as a LEFT JOIN `cs_role` as b ON a.role_Id=b.role_Id where a.role_Id IN (SELECT role_Id FROM `cs_userrole` where (`user_Id` = '6' and b.`role_status` = 1 and `menu_status` = 1 and `relation_Id` = '41' and `menu_show` = 1) )) order by menu_sort asc [ RunTime:0.022002s ]
SQL: SELECT menu_Id,menu_name,menu_url,relation_Id FROM `cs_menu` where menu_Id IN (SELECT distinct menu_Id FROM `cs_rolemenu` as a LEFT JOIN `cs_role` as b ON a.role_Id=b.role_Id where a.role_Id IN (SELECT role_Id FROM `cs_userrole` where (`user_Id` = '6' and b.`role_status` = 1 and `menu_status` = 1 and `relation_Id` = '24' and `menu_show` = 1) )) order by menu_sort asc [ RunTime:0.019001s ]
SQL: SELECT menu_Id,menu_name,menu_url,relation_Id FROM `cs_menu` where menu_Id IN (SELECT distinct menu_Id FROM `cs_rolemenu` as a LEFT JOIN `cs_role` as b ON a.role_Id=b.role_Id where a.role_Id IN (SELECT role_Id FROM `cs_userrole` where (`user_Id` = '6' and b.`role_status` = 1 and `menu_status` = 1 and `relation_Id` = '21' and `menu_show` = 1) )) order by menu_sort asc [ RunTime:0.020001s ]
SQL: SELECT menu_Id,menu_name,menu_url,relation_Id FROM `cs_menu` where menu_Id IN (SELECT distinct menu_Id FROM `cs_rolemenu` as a LEFT JOIN `cs_role` as b ON a.role_Id=b.role_Id where a.role_Id IN (SELECT role_Id FROM `cs_userrole` where (`user_Id` = '6' and b.`role_status` = 1 and `menu_status` = 1 and `relation_Id` = '29' and `menu_show` = 1) )) order by menu_sort asc [ RunTime:0.019001s ]
SQL: SELECT menu_Id,menu_name,menu_url,relation_Id FROM `cs_menu` where menu_Id IN (SELECT distinct menu_Id FROM `cs_rolemenu` as a LEFT JOIN `cs_role` as b ON a.role_Id=b.role_Id where a.role_Id IN (SELECT role_Id FROM `cs_userrole` where (`user_Id` = '6' and b.`role_status` = 1 and `menu_status` = 1 and `relation_Id` = '36' and `menu_show` = 1) )) order by menu_sort asc [ RunTime:0.021001s ]
SQL: SELECT menu_Id,menu_name,menu_url,relation_Id FROM `cs_menu` where menu_Id IN (SELECT distinct menu_Id FROM `cs_rolemenu` as a LEFT JOIN `cs_role` as b ON a.role_Id=b.role_Id where a.role_Id IN (SELECT role_Id FROM `cs_userrole` where (`user_Id` = '6' and b.`role_status` = 1 and `menu_status` = 1 and `relation_Id` = '27' and `menu_show` = 1) )) order by menu_sort asc [ RunTime:0.020001s ]
SQL: SELECT menu_Id,menu_name,menu_url,relation_Id FROM `cs_menu` where menu_Id IN (SELECT distinct menu_Id FROM `cs_rolemenu` as a LEFT JOIN `cs_role` as b ON a.role_Id=b.role_Id where a.role_Id IN (SELECT role_Id FROM `cs_userrole` where (`user_Id` = '6' and b.`role_status` = 1 and `menu_status` = 1 and `relation_Id` = '63' and `menu_show` = 1) )) order by menu_sort asc [ RunTime:0.022002s ]
SQL: SELECT menu_Id,menu_name,menu_url,relation_Id FROM `cs_menu` where menu_Id IN (SELECT distinct menu_Id FROM `cs_rolemenu` as a LEFT JOIN `cs_role` as b ON a.role_Id=b.role_Id where a.role_Id IN (SELECT role_Id FROM `cs_userrole` where (`user_Id` = '6' and b.`role_status` = 1 and `menu_status` = 1 and `relation_Id` = '66' and `menu_show` = 1) )) order by menu_sort asc [ RunTime:0.020001s ]
SQL: SELECT menu_Id,menu_name,menu_url,relation_Id FROM `cs_menu` where menu_Id IN (SELECT distinct menu_Id FROM `cs_rolemenu` as a LEFT JOIN `cs_role` as b ON a.role_Id=b.role_Id where a.role_Id IN (SELECT role_Id FROM `cs_userrole` where (`user_Id` = '6' and b.`role_status` = 1 and `menu_status` = 1 and `relation_Id` = '70' and `menu_show` = 1) )) order by menu_sort asc [ RunTime:0.020001s ]
SQL: SELECT menu_Id,menu_name,menu_url,relation_Id FROM `cs_menu` where menu_Id IN (SELECT distinct menu_Id FROM `cs_rolemenu` as a LEFT JOIN `cs_role` as b ON a.role_Id=b.role_Id where a.role_Id IN (SELECT role_Id FROM `cs_userrole` where (`user_Id` = '6' and b.`role_status` = 1 and `menu_status` = 1 and `relation_Id` = '73' and `menu_show` = 1) )) order by menu_sort asc [ RunTime:0.020001s ]
NOTIC: [8] Undefined index: begin E:\www\zwt\ThinkPHP\Common\functions.php 第 90 行.
SQL: SHOW COLUMNS FROM `cs_menu` [ RunTime:0.005000s ]
SQL: SELECT * FROM `cs_menu` WHERE ( `relation_Id` = 0 ) ORDER BY menu_sort asc  [ RunTime:0.000000s ]
SQL: SELECT * FROM `cs_menu` WHERE ( `relation_Id` = 1 ) ORDER BY menu_sort asc  [ RunTime:0.001000s ]
SQL: SELECT * FROM `cs_menu` WHERE ( `relation_Id` = 46 ) ORDER BY menu_sort asc  [ RunTime:0.000000s ]
SQL: SELECT * FROM `cs_menu` WHERE ( `relation_Id` = 44 ) ORDER BY menu_sort asc  [ RunTime:0.000000s ]
SQL: SELECT * FROM `cs_menu` WHERE ( `relation_Id` = 41 ) ORDER BY menu_sort asc  [ RunTime:0.000000s ]
SQL: SELECT * FROM `cs_menu` WHERE ( `relation_Id` = 24 ) ORDER BY menu_sort asc  [ RunTime:0.000000s ]
SQL: SELECT * FROM `cs_menu` WHERE ( `relation_Id` = 21 ) ORDER BY menu_sort asc  [ RunTime:0.001000s ]
SQL: SELECT * FROM `cs_menu` WHERE ( `relation_Id` = 29 ) ORDER BY menu_sort asc  [ RunTime:0.000000s ]
SQL: SELECT * FROM `cs_menu` WHERE ( `relation_Id` = 36 ) ORDER BY menu_sort asc  [ RunTime:0.000000s ]
SQL: SELECT * FROM `cs_menu` WHERE ( `relation_Id` = 27 ) ORDER BY menu_sort asc  [ RunTime:0.000000s ]
SQL: SELECT * FROM `cs_menu` WHERE ( `relation_Id` = 63 ) ORDER BY menu_sort asc  [ RunTime:0.001000s ]
SQL: SELECT * FROM `cs_menu` WHERE ( `relation_Id` = 66 ) ORDER BY menu_sort asc  [ RunTime:0.000000s ]
SQL: SELECT * FROM `cs_menu` WHERE ( `relation_Id` = 70 ) ORDER BY menu_sort asc  [ RunTime:0.001000s ]
SQL: SELECT * FROM `cs_menu` WHERE ( `relation_Id` = 73 ) ORDER BY menu_sort asc  [ RunTime:0.000000s ]
INFO: [ view_parse ] --START--
INFO: [ template_filter ] --START--
INFO: Run Behavior\ContentReplace [ RunTime:0.000000s ]
INFO: [ template_filter ] --END-- [ RunTime:0.000000s ]
NOTIC: [8] Undefined index: key E:\www\zwt\Application\Runtime\Cache\Home\27ee49b2a78b2473aab8ce7d54f3a9c5.php 第 76 行.
NOTIC: [8] Undefined index: key E:\www\zwt\Application\Runtime\Cache\Home\27ee49b2a78b2473aab8ce7d54f3a9c5.php 第 76 行.
NOTIC: [8] Undefined index: key E:\www\zwt\Application\Runtime\Cache\Home\27ee49b2a78b2473aab8ce7d54f3a9c5.php 第 76 行.
NOTIC: [8] Undefined index: key E:\www\zwt\Application\Runtime\Cache\Home\27ee49b2a78b2473aab8ce7d54f3a9c5.php 第 76 行.
NOTIC: [8] Undefined index: key E:\www\zwt\Application\Runtime\Cache\Home\27ee49b2a78b2473aab8ce7d54f3a9c5.php 第 76 行.
NOTIC: [8] Undefined index: key E:\www\zwt\Application\Runtime\Cache\Home\27ee49b2a78b2473aab8ce7d54f3a9c5.php 第 76 行.
NOTIC: [8] Undefined index: key E:\www\zwt\Application\Runtime\Cache\Home\27ee49b2a78b2473aab8ce7d54f3a9c5.php 第 76 行.
NOTIC: [8] Undefined index: key E:\www\zwt\Application\Runtime\Cache\Home\27ee49b2a78b2473aab8ce7d54f3a9c5.php 第 76 行.
NOTIC: [8] Undefined index: key E:\www\zwt\Application\Runtime\Cache\Home\27ee49b2a78b2473aab8ce7d54f3a9c5.php 第 76 行.
NOTIC: [8] Undefined index: key E:\www\zwt\Application\Runtime\Cache\Home\27ee49b2a78b2473aab8ce7d54f3a9c5.php 第 76 行.
NOTIC: [8] Undefined index: key E:\www\zwt\Application\Runtime\Cache\Home\27ee49b2a78b2473aab8ce7d54f3a9c5.php 第 76 行.
NOTIC: [8] Undefined index: key E:\www\zwt\Application\Runtime\Cache\Home\27ee49b2a78b2473aab8ce7d54f3a9c5.php 第 76 行.
INFO: Run Behavior\ParseTemplate [ RunTime:0.045003s ]
INFO: [ view_parse ] --END-- [ RunTime:0.045003s ]
INFO: [ view_filter ] --START--
INFO: Run Behavior\WriteHtmlCache [ RunTime:0.000000s ]
INFO: [ view_filter ] --END-- [ RunTime:0.000000s ]
INFO: [ app_end ] --START--
INFO: Run Behavior\ShowPageTrace [ RunTime:0.001000s ]
INFO: [ app_end ] --END-- [ RunTime:0.001000s ]

[ 2017-08-24T18:37:31+08:00 ] 192.168.1.60 /Home/Investment/index
INFO: [ app_begin ] --START--
INFO: Run Behavior\ReadHtmlCache [ RunTime:0.001000s ]
INFO: [ app_begin ] --END-- [ RunTime:0.002000s ]
SQL: SHOW COLUMNS FROM cs_userrole as a [ RunTime:0.001000s ]
ERR: 1064:You have an error in your SQL syntax; check the manual that corresponds to your MySQL server version for the right syntax to use near 'as a' at line 1
 [ SQL语句 ] : SHOW COLUMNS FROM cs_userrole as a
SQL: SELECT menu_Id,menu_name,menu_url,relation_Id FROM `cs_menu` where menu_Id IN (SELECT distinct menu_Id FROM `cs_rolemenu` as a LEFT JOIN `cs_role` as b ON a.role_Id=b.role_Id where a.role_Id IN (SELECT role_Id FROM `cs_userrole` where (`user_Id` = '6' and b.`role_status` = 1 and `menu_status` = 1 and `relation_Id` = 0 and `menu_show` = 1) )) order by menu_sort asc [ RunTime:0.019001s ]
SQL: SELECT menu_Id,menu_name,menu_url,relation_Id FROM `cs_menu` where menu_Id IN (SELECT distinct menu_Id FROM `cs_rolemenu` as a LEFT JOIN `cs_role` as b ON a.role_Id=b.role_Id where a.role_Id IN (SELECT role_Id FROM `cs_userrole` where (`user_Id` = '6' and b.`role_status` = 1 and `menu_status` = 1 and `relation_Id` = '1' and `menu_show` = 1) )) order by menu_sort asc [ RunTime:0.021001s ]
SQL: SELECT menu_Id,menu_name,menu_url,relation_Id FROM `cs_menu` where menu_Id IN (SELECT distinct menu_Id FROM `cs_rolemenu` as a LEFT JOIN `cs_role` as b ON a.role_Id=b.role_Id where a.role_Id IN (SELECT role_Id FROM `cs_userrole` where (`user_Id` = '6' and b.`role_status` = 1 and `menu_status` = 1 and `relation_Id` = '46' and `menu_show` = 1) )) order by menu_sort asc [ RunTime:0.020001s ]
SQL: SELECT menu_Id,menu_name,menu_url,relation_Id FROM `cs_menu` where menu_Id IN (SELECT distinct menu_Id FROM `cs_rolemenu` as a LEFT JOIN `cs_role` as b ON a.role_Id=b.role_Id where a.role_Id IN (SELECT role_Id FROM `cs_userrole` where (`user_Id` = '6' and b.`role_status` = 1 and `menu_status` = 1 and `relation_Id` = '44' and `menu_show` = 1) )) order by menu_sort asc [ RunTime:0.020002s ]
SQL: SELECT menu_Id,menu_name,menu_url,relation_Id FROM `cs_menu` where menu_Id IN (SELECT distinct menu_Id FROM `cs_rolemenu` as a LEFT JOIN `cs_role` as b ON a.role_Id=b.role_Id where a.role_Id IN (SELECT role_Id FROM `cs_userrole` where (`user_Id` = '6' and b.`role_status` = 1 and `menu_status` = 1 and `relation_Id` = '41' and `menu_show` = 1) )) order by menu_sort asc [ RunTime:0.022001s ]
SQL: SELECT menu_Id,menu_name,menu_url,relation_Id FROM `cs_menu` where menu_Id IN (SELECT distinct menu_Id FROM `cs_rolemenu` as a LEFT JOIN `cs_role` as b ON a.role_Id=b.role_Id where a.role_Id IN (SELECT role_Id FROM `cs_userrole` where (`user_Id` = '6' and b.`role_status` = 1 and `menu_status` = 1 and `relation_Id` = '24' and `menu_show` = 1) )) order by menu_sort asc [ RunTime:0.020001s ]
SQL: SELECT menu_Id,menu_name,menu_url,relation_Id FROM `cs_menu` where menu_Id IN (SELECT distinct menu_Id FROM `cs_rolemenu` as a LEFT JOIN `cs_role` as b ON a.role_Id=b.role_Id where a.role_Id IN (SELECT role_Id FROM `cs_userrole` where (`user_Id` = '6' and b.`role_status` = 1 and `menu_status` = 1 and `relation_Id` = '21' and `menu_show` = 1) )) order by menu_sort asc [ RunTime:0.020001s ]
SQL: SELECT menu_Id,menu_name,menu_url,relation_Id FROM `cs_menu` where menu_Id IN (SELECT distinct menu_Id FROM `cs_rolemenu` as a LEFT JOIN `cs_role` as b ON a.role_Id=b.role_Id where a.role_Id IN (SELECT role_Id FROM `cs_userrole` where (`user_Id` = '6' and b.`role_status` = 1 and `menu_status` = 1 and `relation_Id` = '29' and `menu_show` = 1) )) order by menu_sort asc [ RunTime:0.020001s ]
SQL: SELECT menu_Id,menu_name,menu_url,relation_Id FROM `cs_menu` where menu_Id IN (SELECT distinct menu_Id FROM `cs_rolemenu` as a LEFT JOIN `cs_role` as b ON a.role_Id=b.role_Id where a.role_Id IN (SELECT role_Id FROM `cs_userrole` where (`user_Id` = '6' and b.`role_status` = 1 and `menu_status` = 1 and `relation_Id` = '36' and `menu_show` = 1) )) order by menu_sort asc [ RunTime:0.021002s ]
SQL: SELECT menu_Id,menu_name,menu_url,relation_Id FROM `cs_menu` where menu_Id IN (SELECT distinct menu_Id FROM `cs_rolemenu` as a LEFT JOIN `cs_role` as b ON a.role_Id=b.role_Id where a.role_Id IN (SELECT role_Id FROM `cs_userrole` where (`user_Id` = '6' and b.`role_status` = 1 and `menu_status` = 1 and `relation_Id` = '27' and `menu_show` = 1) )) order by menu_sort asc [ RunTime:0.022001s ]
SQL: SELECT menu_Id,menu_name,menu_url,relation_Id FROM `cs_menu` where menu_Id IN (SELECT distinct menu_Id FROM `cs_rolemenu` as a LEFT JOIN `cs_role` as b ON a.role_Id=b.role_Id where a.role_Id IN (SELECT role_Id FROM `cs_userrole` where (`user_Id` = '6' and b.`role_status` = 1 and `menu_status` = 1 and `relation_Id` = '63' and `menu_show` = 1) )) order by menu_sort asc [ RunTime:0.021001s ]
SQL: SELECT menu_Id,menu_name,menu_url,relation_Id FROM `cs_menu` where menu_Id IN (SELECT distinct menu_Id FROM `cs_rolemenu` as a LEFT JOIN `cs_role` as b ON a.role_Id=b.role_Id where a.role_Id IN (SELECT role_Id FROM `cs_userrole` where (`user_Id` = '6' and b.`role_status` = 1 and `menu_status` = 1 and `relation_Id` = '66' and `menu_show` = 1) )) order by menu_sort asc [ RunTime:0.021001s ]
SQL: SELECT menu_Id,menu_name,menu_url,relation_Id FROM `cs_menu` where menu_Id IN (SELECT distinct menu_Id FROM `cs_rolemenu` as a LEFT JOIN `cs_role` as b ON a.role_Id=b.role_Id where a.role_Id IN (SELECT role_Id FROM `cs_userrole` where (`user_Id` = '6' and b.`role_status` = 1 and `menu_status` = 1 and `relation_Id` = '70' and `menu_show` = 1) )) order by menu_sort asc [ RunTime:0.021001s ]
SQL: SELECT menu_Id,menu_name,menu_url,relation_Id FROM `cs_menu` where menu_Id IN (SELECT distinct menu_Id FROM `cs_rolemenu` as a LEFT JOIN `cs_role` as b ON a.role_Id=b.role_Id where a.role_Id IN (SELECT role_Id FROM `cs_userrole` where (`user_Id` = '6' and b.`role_status` = 1 and `menu_status` = 1 and `relation_Id` = '73' and `menu_show` = 1) )) order by menu_sort asc [ RunTime:0.021002s ]
NOTIC: [8] Undefined index: begin E:\www\zwt\ThinkPHP\Common\functions.php 第 90 行.
SQL: SHOW COLUMNS FROM `cs_attract_investment` [ RunTime:0.005000s ]
SQL: SELECT COUNT(*) AS tp_count FROM `cs_attract_investment` LIMIT 1   [ RunTime:0.000000s ]
SQL: SELECT * FROM `cs_attract_investment` LIMIT 0,20   [ RunTime:0.001000s ]
INFO: [ view_parse ] --START--
INFO: [ template_filter ] --START--
INFO: Run Behavior\ContentReplace [ RunTime:0.000000s ]
INFO: [ template_filter ] --END-- [ RunTime:0.000000s ]
NOTIC: [8] Undefined index: key E:\www\zwt\Application\Runtime\Cache\Home\d83c3d73d06b10454c1ba9f087984f4a.php 第 76 行.
NOTIC: [8] Undefined index: key E:\www\zwt\Application\Runtime\Cache\Home\d83c3d73d06b10454c1ba9f087984f4a.php 第 76 行.
NOTIC: [8] Undefined index: key E:\www\zwt\Application\Runtime\Cache\Home\d83c3d73d06b10454c1ba9f087984f4a.php 第 76 行.
NOTIC: [8] Undefined index: key E:\www\zwt\Application\Runtime\Cache\Home\d83c3d73d06b10454c1ba9f087984f4a.php 第 76 行.
NOTIC: [8] Undefined index: key E:\www\zwt\Application\Runtime\Cache\Home\d83c3d73d06b10454c1ba9f087984f4a.php 第 76 行.
NOTIC: [8] Undefined index: key E:\www\zwt\Application\Runtime\Cache\Home\d83c3d73d06b10454c1ba9f087984f4a.php 第 76 行.
NOTIC: [8] Undefined index: key E:\www\zwt\Application\Runtime\Cache\Home\d83c3d73d06b10454c1ba9f087984f4a.php 第 76 行.
NOTIC: [8] Undefined index: key E:\www\zwt\Application\Runtime\Cache\Home\d83c3d73d06b10454c1ba9f087984f4a.php 第 76 行.
NOTIC: [8] Undefined index: key E:\www\zwt\Application\Runtime\Cache\Home\d83c3d73d06b10454c1ba9f087984f4a.php 第 76 行.
NOTIC: [8] Undefined index: key E:\www\zwt\Application\Runtime\Cache\Home\d83c3d73d06b10454c1ba9f087984f4a.php 第 76 行.
NOTIC: [8] Undefined index: key E:\www\zwt\Application\Runtime\Cache\Home\d83c3d73d06b10454c1ba9f087984f4a.php 第 76 行.
NOTIC: [8] Undefined index: key E:\www\zwt\Application\Runtime\Cache\Home\d83c3d73d06b10454c1ba9f087984f4a.php 第 76 行.
INFO: Run Behavior\ParseTemplate [ RunTime:0.013001s ]
INFO: [ view_parse ] --END-- [ RunTime:0.013001s ]
INFO: [ view_filter ] --START--
INFO: Run Behavior\WriteHtmlCache [ RunTime:0.001000s ]
INFO: [ view_filter ] --END-- [ RunTime:0.001000s ]
INFO: [ app_end ] --START--
INFO: Run Behavior\ShowPageTrace [ RunTime:0.001000s ]
INFO: [ app_end ] --END-- [ RunTime:0.001000s ]

