[ 2018-10-30T11:05:28+08:00 ] 192.168.0.98 /home
INFO: [ app_begin ] --START--
INFO: Run Behavior\ReadHtmlCache [ RunTime:0.002386s ]
INFO: [ app_begin ] --END-- [ RunTime:0.004145s ]

[ 2018-10-30T11:05:30+08:00 ] 192.168.0.98 /Home/User/
INFO: [ app_begin ] --START--
INFO: Run Behavior\ReadHtmlCache [ RunTime:0.002040s ]
INFO: [ app_begin ] --END-- [ RunTime:0.003453s ]
NOTIC: [8192] mysql_connect(): The mysql extension is deprecated and will be removed in the future: use mysqli or PDO instead C:\phpStudy\PHPTutorial\WWW\zwt45\ThinkPHP\Library\Think\Db\Driver\Mysql.class.php 第 52 行.
SQL: SHOW COLUMNS FROM cs_userrole as a [ RunTime:0.000638s ]
ERR: 1064:You have an error in your SQL syntax; check the manual that corresponds to your MySQL server version for the right syntax to use near 'as a' at line 1
 [ SQL语句 ] : SHOW COLUMNS FROM cs_userrole as a
SQL: SELECT menu_Id,menu_name,menu_url,relation_Id FROM `cs_menu` where menu_Id IN (SELECT distinct menu_Id FROM `cs_rolemenu` as a LEFT JOIN `cs_role` as b ON a.role_Id=b.role_Id where a.role_Id IN (SELECT role_Id FROM `cs_userrole` where (`user_Id` = '6' and b.`role_status` = 1 and `menu_status` = 1 and `relation_Id` = 0 and `menu_show` = 1) )) order by menu_sort asc [ RunTime:0.081600s ]
SQL: SELECT menu_Id,menu_name,menu_url,relation_Id FROM `cs_menu` where menu_Id IN (SELECT distinct menu_Id FROM `cs_rolemenu` as a LEFT JOIN `cs_role` as b ON a.role_Id=b.role_Id where a.role_Id IN (SELECT role_Id FROM `cs_userrole` where (`user_Id` = '6' and b.`role_status` = 1 and `menu_status` = 1 and `relation_Id` = '1' and `menu_show` = 1) )) order by menu_sort asc [ RunTime:0.064408s ]
SQL: SELECT menu_Id,menu_name,menu_url,relation_Id FROM `cs_menu` where menu_Id IN (SELECT distinct menu_Id FROM `cs_rolemenu` as a LEFT JOIN `cs_role` as b ON a.role_Id=b.role_Id where a.role_Id IN (SELECT role_Id FROM `cs_userrole` where (`user_Id` = '6' and b.`role_status` = 1 and `menu_status` = 1 and `relation_Id` = '63' and `menu_show` = 1) )) order by menu_sort asc [ RunTime:0.040354s ]
SQL: SELECT menu_Id,menu_name,menu_url,relation_Id FROM `cs_menu` where menu_Id IN (SELECT distinct menu_Id FROM `cs_rolemenu` as a LEFT JOIN `cs_role` as b ON a.role_Id=b.role_Id where a.role_Id IN (SELECT role_Id FROM `cs_userrole` where (`user_Id` = '6' and b.`role_status` = 1 and `menu_status` = 1 and `relation_Id` = '66' and `menu_show` = 1) )) order by menu_sort asc [ RunTime:0.056696s ]
NOTIC: [8] Undefined index: begin C:\phpStudy\PHPTutorial\WWW\zwt45\ThinkPHP\Common\functions.php 第 90 行.
INFO: [ view_parse ] --START--
INFO: [ template_filter ] --START--
INFO: Run Behavior\ContentReplace [ RunTime:0.000097s ]
INFO: [ template_filter ] --END-- [ RunTime:0.000214s ]
NOTIC: [8] Undefined index: key C:\phpStudy\PHPTutorial\WWW\zwt45\Application\Runtime\Cache\Home\6830cbac89ff06451c77cd8769d6d4ca.php 第 80 行.
NOTIC: [8] Undefined index: key C:\phpStudy\PHPTutorial\WWW\zwt45\Application\Runtime\Cache\Home\6830cbac89ff06451c77cd8769d6d4ca.php 第 80 行.
NOTIC: [8] Undefined index: key C:\phpStudy\PHPTutorial\WWW\zwt45\Application\Runtime\Cache\Home\6830cbac89ff06451c77cd8769d6d4ca.php 第 80 行.
INFO: Run Behavior\ParseTemplate [ RunTime:0.053321s ]
INFO: [ view_parse ] --END-- [ RunTime:0.053513s ]
INFO: [ view_filter ] --START--
INFO: Run Behavior\WriteHtmlCache [ RunTime:0.003222s ]
INFO: [ view_filter ] --END-- [ RunTime:0.003423s ]
INFO: [ app_end ] --START--
INFO: Run Behavior\ShowPageTrace [ RunTime:0.003283s ]
INFO: [ app_end ] --END-- [ RunTime:0.003513s ]

