[ 2018-10-29T11:43:19+08:00 ] 192.168.0.30 /web/about/page_content/ptpcode/LMCY
INFO: [ app_begin ] --START--
INFO: Run Behavior\ReadHtmlCache [ RunTime:0.002118s ]
INFO: [ app_begin ] --END-- [ RunTime:0.005173s ]
NOTIC: [8192] mysql_connect(): The mysql extension is deprecated and will be removed in the future: use mysqli or PDO instead C:\phpStudy\PHPTutorial\WWW\zwt45\ThinkPHP\Library\Think\Db\Driver\Mysql.class.php 第 52 行.
SQL: SHOW COLUMNS FROM `cs_content_category` [ RunTime:0.020390s ]
SQL: SELECT * FROM `cs_content_category` WHERE ( `pid` = 0 ) AND ( `status` = 1 ) ORDER BY sort asc  [ RunTime:0.001498s ]
SQL: SELECT `col_url` FROM `cs_content_category` WHERE ( `pid` = 41 ) ORDER BY sort asc LIMIT 1   [ RunTime:0.000686s ]
SQL: SELECT `col_url` FROM `cs_content_category` WHERE ( `pid` = 46 ) ORDER BY sort asc LIMIT 1   [ RunTime:0.000707s ]
SQL: SELECT `col_url` FROM `cs_content_category` WHERE ( `pid` = 52 ) ORDER BY sort asc LIMIT 1   [ RunTime:0.000631s ]
SQL: SELECT * FROM `cs_content_category` WHERE ( `tpcode` = 'LMCY' ) LIMIT 1   [ RunTime:0.000744s ]
SQL: SELECT * FROM `cs_content_category` WHERE ( `tpcode` = 'LMCY' ) LIMIT 1   [ RunTime:0.000658s ]
SQL: SELECT * FROM `cs_content_category` WHERE ( `status` = 1 ) AND ( `pid` = 41 ) ORDER BY sort asc  [ RunTime:0.000796s ]
SQL: SELECT * FROM `cs_content_category` WHERE ( `tpcode` = 'LMCY' ) LIMIT 1   [ RunTime:0.000653s ]
SQL: SELECT * FROM `cs_content_category` WHERE ( `pid` = 41 ) AND ( `status` = 1 ) ORDER BY sort asc LIMIT 1   [ RunTime:0.000743s ]
SQL: SELECT * FROM `cs_content_category` WHERE ( tpcode='LMCY' and pid=0 ) LIMIT 1   [ RunTime:0.000732s ]
SQL: SELECT * FROM `cs_content_category` WHERE ( id='42' ) LIMIT 1   [ RunTime:0.000880s ]
SQL: SELECT * FROM `cs_content_category` WHERE ( `id` = 42 ) LIMIT 1   [ RunTime:0.000661s ]
SQL: SHOW COLUMNS FROM cs_ad_list t1 [ RunTime:0.000496s ]
ERR: 1064:You have an error in your SQL syntax; check the manual that corresponds to your MySQL server version for the right syntax to use near 't1' at line 1
 [ SQL语句 ] : SHOW COLUMNS FROM cs_ad_list t1
SQL: SELECT t2.img,t1.id,t2.title,t2.url FROM cs_ad_list t1 left JOIN cs_ad_content t2 on t1.id = t2.ad_list_id  WHERE ( t1.simple_code='LMCY' ) ORDER BY sort asc LIMIT 1   [ RunTime:0.023765s ]
SQL: SHOW COLUMNS FROM `cs_content_content` [ RunTime:0.018999s ]
SQL: SELECT COUNT(*) AS tp_count FROM `cs_content_content` WHERE ( `col_id` = 42 ) AND ( `status` = 1 ) LIMIT 1   [ RunTime:0.000860s ]
SQL: SELECT * FROM `cs_content_content` WHERE ( `col_id` = 42 ) AND ( `status` = 1 ) ORDER BY istop desc,create_time desc,update_time desc LIMIT 0,10   [ RunTime:0.004472s ]
SQL: SELECT * FROM `cs_content_category` WHERE ( `id` = 42 ) LIMIT 1   [ RunTime:0.000680s ]
INFO: [ view_parse ] --START--
INFO: [ template_filter ] --START--
INFO: Run Behavior\ContentReplace [ RunTime:0.000105s ]
INFO: [ template_filter ] --END-- [ RunTime:0.000200s ]
NOTIC: [8] Undefined variable: adimg C:\phpStudy\PHPTutorial\WWW\zwt45\Application\Runtime\Cache\Web\3776fe2913663d859f52be2bfec5ab5a.php 第 149 行.
NOTIC: [8] Undefined variable: adimg C:\phpStudy\PHPTutorial\WWW\zwt45\Application\Runtime\Cache\Web\3776fe2913663d859f52be2bfec5ab5a.php 第 150 行.
NOTIC: [8] Undefined variable: adimg C:\phpStudy\PHPTutorial\WWW\zwt45\Application\Runtime\Cache\Web\3776fe2913663d859f52be2bfec5ab5a.php 第 151 行.
INFO: Run Behavior\ParseTemplate [ RunTime:0.050486s ]
INFO: [ view_parse ] --END-- [ RunTime:0.050585s ]
INFO: [ view_filter ] --START--
INFO: Run Behavior\WriteHtmlCache [ RunTime:0.001823s ]
INFO: [ view_filter ] --END-- [ RunTime:0.001926s ]
INFO: [ app_end ] --START--
INFO: Run Behavior\ShowPageTrace [ RunTime:0.002464s ]
INFO: [ app_end ] --END-- [ RunTime:0.002569s ]

[ 2018-10-29T11:43:20+08:00 ] 192.168.0.30 /web/about/page_content/ptpcode/header.html
INFO: [ app_begin ] --START--
INFO: Run Behavior\ReadHtmlCache [ RunTime:0.001590s ]
INFO: [ app_begin ] --END-- [ RunTime:0.002708s ]
NOTIC: [8192] mysql_connect(): The mysql extension is deprecated and will be removed in the future: use mysqli or PDO instead C:\phpStudy\PHPTutorial\WWW\zwt45\ThinkPHP\Library\Think\Db\Driver\Mysql.class.php 第 52 行.
SQL: SHOW COLUMNS FROM `cs_content_category` [ RunTime:0.015019s ]
SQL: SELECT * FROM `cs_content_category` WHERE ( `pid` = 0 ) AND ( `status` = 1 ) ORDER BY sort asc  [ RunTime:0.000897s ]
SQL: SELECT `col_url` FROM `cs_content_category` WHERE ( `pid` = 41 ) ORDER BY sort asc LIMIT 1   [ RunTime:0.000629s ]
SQL: SELECT `col_url` FROM `cs_content_category` WHERE ( `pid` = 46 ) ORDER BY sort asc LIMIT 1   [ RunTime:0.000651s ]
SQL: SELECT `col_url` FROM `cs_content_category` WHERE ( `pid` = 52 ) ORDER BY sort asc LIMIT 1   [ RunTime:0.000593s ]
SQL: SELECT * FROM `cs_content_category` WHERE ( `tpcode` = 'header' ) LIMIT 1   [ RunTime:0.000687s ]
SQL: SELECT * FROM `cs_content_category` WHERE ( `tpcode` = 'header' ) LIMIT 1   [ RunTime:0.000658s ]
SQL: SELECT * FROM `cs_content_category` WHERE ( `status` = 1 ) AND ( `pid` = null ) ORDER BY sort asc  [ RunTime:0.000659s ]
SQL: SELECT * FROM `cs_content_category` WHERE ( `tpcode` = 'header' ) LIMIT 1   [ RunTime:0.000639s ]
SQL: SELECT * FROM `cs_content_category` WHERE ( `pid` = null ) AND ( `status` = 1 ) ORDER BY sort asc LIMIT 1   [ RunTime:0.000649s ]
SQL: SELECT * FROM `cs_content_category` WHERE ( tpcode='header' and pid=0 ) LIMIT 1   [ RunTime:0.000660s ]
SQL: SELECT * FROM `cs_content_category` WHERE ( id='' ) LIMIT 1   [ RunTime:0.000595s ]
SQL: SELECT * FROM `cs_content_category` WHERE ( `id` = null ) LIMIT 1   [ RunTime:0.000530s ]
SQL: SHOW COLUMNS FROM cs_ad_list t1 [ RunTime:0.000454s ]
ERR: 1064:You have an error in your SQL syntax; check the manual that corresponds to your MySQL server version for the right syntax to use near 't1' at line 1
 [ SQL语句 ] : SHOW COLUMNS FROM cs_ad_list t1
SQL: SELECT t2.img,t1.id,t2.title,t2.url FROM cs_ad_list t1 left JOIN cs_ad_content t2 on t1.id = t2.ad_list_id  WHERE ( t1.simple_code='header' ) ORDER BY sort asc LIMIT 1   [ RunTime:0.011283s ]
SQL: SHOW COLUMNS FROM `cs_content_content` [ RunTime:0.012976s ]
SQL: SELECT COUNT(*) AS tp_count FROM `cs_content_content` WHERE ( `col_id` = 0 ) AND ( `status` = 1 ) LIMIT 1   [ RunTime:0.000627s ]
SQL: SELECT * FROM `cs_content_content` WHERE ( `col_id` = 0 ) AND ( `status` = 1 ) ORDER BY istop desc,create_time desc,update_time desc LIMIT 0,10   [ RunTime:0.001137s ]
SQL: SELECT * FROM `cs_content_category` WHERE ( `id` = 0 ) LIMIT 1   [ RunTime:0.000614s ]
INFO: [ view_parse ] --START--
INFO: [ template_filter ] --START--
INFO: Run Behavior\ContentReplace [ RunTime:0.000180s ]
INFO: [ template_filter ] --END-- [ RunTime:0.000344s ]
NOTIC: [8] Undefined variable: adimg C:\phpStudy\PHPTutorial\WWW\zwt45\Application\Runtime\Cache\Web\3776fe2913663d859f52be2bfec5ab5a.php 第 149 行.
NOTIC: [8] Undefined variable: adimg C:\phpStudy\PHPTutorial\WWW\zwt45\Application\Runtime\Cache\Web\3776fe2913663d859f52be2bfec5ab5a.php 第 150 行.
NOTIC: [8] Undefined variable: adimg C:\phpStudy\PHPTutorial\WWW\zwt45\Application\Runtime\Cache\Web\3776fe2913663d859f52be2bfec5ab5a.php 第 151 行.
INFO: Run Behavior\ParseTemplate [ RunTime:0.035102s ]
INFO: [ view_parse ] --END-- [ RunTime:0.035199s ]
INFO: [ view_filter ] --START--
INFO: Run Behavior\WriteHtmlCache [ RunTime:0.001217s ]
INFO: [ view_filter ] --END-- [ RunTime:0.001297s ]
INFO: [ app_end ] --START--
INFO: Run Behavior\ShowPageTrace [ RunTime:0.001630s ]
INFO: [ app_end ] --END-- [ RunTime:0.001718s ]

[ 2018-10-29T11:43:21+08:00 ] 192.168.0.30 /web/about/page_content/ptpcode/footer.html
INFO: [ app_begin ] --START--
INFO: Run Behavior\ReadHtmlCache [ RunTime:0.001880s ]
INFO: [ app_begin ] --END-- [ RunTime:0.003037s ]
NOTIC: [8192] mysql_connect(): The mysql extension is deprecated and will be removed in the future: use mysqli or PDO instead C:\phpStudy\PHPTutorial\WWW\zwt45\ThinkPHP\Library\Think\Db\Driver\Mysql.class.php 第 52 行.
SQL: SHOW COLUMNS FROM `cs_content_category` [ RunTime:0.015331s ]
SQL: SELECT * FROM `cs_content_category` WHERE ( `pid` = 0 ) AND ( `status` = 1 ) ORDER BY sort asc  [ RunTime:0.000845s ]
SQL: SELECT `col_url` FROM `cs_content_category` WHERE ( `pid` = 41 ) ORDER BY sort asc LIMIT 1   [ RunTime:0.000591s ]
SQL: SELECT `col_url` FROM `cs_content_category` WHERE ( `pid` = 46 ) ORDER BY sort asc LIMIT 1   [ RunTime:0.000596s ]
SQL: SELECT `col_url` FROM `cs_content_category` WHERE ( `pid` = 52 ) ORDER BY sort asc LIMIT 1   [ RunTime:0.000584s ]
SQL: SELECT * FROM `cs_content_category` WHERE ( `tpcode` = 'footer' ) LIMIT 1   [ RunTime:0.000634s ]
SQL: SELECT * FROM `cs_content_category` WHERE ( `tpcode` = 'footer' ) LIMIT 1   [ RunTime:0.000678s ]
SQL: SELECT * FROM `cs_content_category` WHERE ( `status` = 1 ) AND ( `pid` = null ) ORDER BY sort asc  [ RunTime:0.000737s ]
SQL: SELECT * FROM `cs_content_category` WHERE ( `tpcode` = 'footer' ) LIMIT 1   [ RunTime:0.000690s ]
SQL: SELECT * FROM `cs_content_category` WHERE ( `pid` = null ) AND ( `status` = 1 ) ORDER BY sort asc LIMIT 1   [ RunTime:0.000675s ]
SQL: SELECT * FROM `cs_content_category` WHERE ( tpcode='footer' and pid=0 ) LIMIT 1   [ RunTime:0.000649s ]
SQL: SELECT * FROM `cs_content_category` WHERE ( id='' ) LIMIT 1   [ RunTime:0.000678s ]
SQL: SELECT * FROM `cs_content_category` WHERE ( `id` = null ) LIMIT 1   [ RunTime:0.000766s ]
SQL: SHOW COLUMNS FROM cs_ad_list t1 [ RunTime:0.000690s ]
ERR: 1064:You have an error in your SQL syntax; check the manual that corresponds to your MySQL server version for the right syntax to use near 't1' at line 1
 [ SQL语句 ] : SHOW COLUMNS FROM cs_ad_list t1
SQL: SELECT t2.img,t1.id,t2.title,t2.url FROM cs_ad_list t1 left JOIN cs_ad_content t2 on t1.id = t2.ad_list_id  WHERE ( t1.simple_code='footer' ) ORDER BY sort asc LIMIT 1   [ RunTime:0.011579s ]
SQL: SHOW COLUMNS FROM `cs_content_content` [ RunTime:0.013864s ]
SQL: SELECT COUNT(*) AS tp_count FROM `cs_content_content` WHERE ( `col_id` = 0 ) AND ( `status` = 1 ) LIMIT 1   [ RunTime:0.000601s ]
SQL: SELECT * FROM `cs_content_content` WHERE ( `col_id` = 0 ) AND ( `status` = 1 ) ORDER BY istop desc,create_time desc,update_time desc LIMIT 0,10   [ RunTime:0.000787s ]
SQL: SELECT * FROM `cs_content_category` WHERE ( `id` = 0 ) LIMIT 1   [ RunTime:0.000865s ]
INFO: [ view_parse ] --START--
INFO: [ template_filter ] --START--
INFO: Run Behavior\ContentReplace [ RunTime:0.000106s ]
INFO: [ template_filter ] --END-- [ RunTime:0.000194s ]
NOTIC: [8] Undefined variable: adimg C:\phpStudy\PHPTutorial\WWW\zwt45\Application\Runtime\Cache\Web\3776fe2913663d859f52be2bfec5ab5a.php 第 149 行.
NOTIC: [8] Undefined variable: adimg C:\phpStudy\PHPTutorial\WWW\zwt45\Application\Runtime\Cache\Web\3776fe2913663d859f52be2bfec5ab5a.php 第 150 行.
NOTIC: [8] Undefined variable: adimg C:\phpStudy\PHPTutorial\WWW\zwt45\Application\Runtime\Cache\Web\3776fe2913663d859f52be2bfec5ab5a.php 第 151 行.
INFO: Run Behavior\ParseTemplate [ RunTime:0.026257s ]
INFO: [ view_parse ] --END-- [ RunTime:0.026350s ]
INFO: [ view_filter ] --START--
INFO: Run Behavior\WriteHtmlCache [ RunTime:0.001229s ]
INFO: [ view_filter ] --END-- [ RunTime:0.001308s ]
INFO: [ app_end ] --START--
INFO: Run Behavior\ShowPageTrace [ RunTime:0.001737s ]
INFO: [ app_end ] --END-- [ RunTime:0.001824s ]

