[ 2018-11-03T17:01:26+08:00 ] 192.168.2.103 /
INFO: [ app_begin ] --START--
INFO: Run Behavior\ReadHtmlCache [ RunTime:0.001000s ]
INFO: [ app_begin ] --END-- [ RunTime:0.002001s ]
NOTIC: [8192] mysql_connect(): The mysql extension is deprecated and will be removed in the future: use mysqli or PDO instead C:\phpStudy\PHPTutorial\WWW\zwt45\ThinkPHP\Library\Think\Db\Driver\Mysql.class.php 第 52 行.
SQL: SHOW COLUMNS FROM `cs_content_category` [ RunTime:0.009001s ]
SQL: SELECT * FROM `cs_content_category` WHERE ( `pid` = 0 ) AND ( `status` = 1 ) ORDER BY sort asc  [ RunTime:0.001000s ]
SQL: SELECT `col_url` FROM `cs_content_category` WHERE ( `pid` = 41 ) ORDER BY sort asc LIMIT 1   [ RunTime:0.000000s ]
SQL: SELECT `col_url` FROM `cs_content_category` WHERE ( `pid` = 46 ) ORDER BY sort asc LIMIT 1   [ RunTime:0.001000s ]
SQL: SELECT `col_url` FROM `cs_content_category` WHERE ( `pid` = 52 ) ORDER BY sort asc LIMIT 1   [ RunTime:0.000000s ]
SQL: SELECT * FROM `cs_content_category` WHERE ( `tpcode` = '' ) LIMIT 1   [ RunTime:0.000000s ]
SQL: SELECT * FROM `cs_content_category` WHERE ( `tpcode` = '' ) LIMIT 1   [ RunTime:0.001000s ]
SQL: SELECT * FROM `cs_content_category` WHERE ( `status` = 1 ) AND ( `pid` = null ) ORDER BY sort asc  [ RunTime:0.000000s ]
SQL: SELECT * FROM `cs_content_category` WHERE ( `tpcode` = '' ) LIMIT 1   [ RunTime:0.000000s ]
SQL: SELECT * FROM `cs_content_category` WHERE ( `pid` = null ) AND ( `status` = 1 ) ORDER BY sort asc LIMIT 1   [ RunTime:0.000000s ]
SQL: SELECT * FROM `cs_content_category` WHERE ( tpcode='' and pid=0 ) LIMIT 1   [ RunTime:0.000000s ]
SQL: SELECT * FROM `cs_content_category` WHERE ( id='' ) LIMIT 1   [ RunTime:0.001000s ]
SQL: SELECT * FROM `cs_content_category` WHERE ( `id` = null ) LIMIT 1   [ RunTime:0.000000s ]
SQL: SHOW COLUMNS FROM cs_ad_list t1 [ RunTime:0.000000s ]
ERR: 1064:You have an error in your SQL syntax; check the manual that corresponds to your MySQL server version for the right syntax to use near 't1' at line 1
 [ SQL语句 ] : SHOW COLUMNS FROM cs_ad_list t1
SQL: SELECT t2.img,t1.id,t2.title,t2.url FROM cs_ad_list t1 left JOIN cs_ad_content t2 on t1.id = t2.ad_list_id  WHERE ( t1.simple_code='' ) ORDER BY sort asc LIMIT 1   [ RunTime:0.010001s ]
SQL: SHOW COLUMNS FROM cs_content_content as t1 [ RunTime:0.001000s ]
ERR: 1064:You have an error in your SQL syntax; check the manual that corresponds to your MySQL server version for the right syntax to use near 'as t1' at line 1
 [ SQL语句 ] : SHOW COLUMNS FROM cs_content_content as t1
SQL: SELECT t1.contents FROM cs_content_content as t1 INNER JOIN cs_content_category as t2 on t1.col_id=t2.id  WHERE ( t2.tpcode='QYWH' and t1.status=1 ) ORDER BY istop desc,t1.create_time desc,update_time desc LIMIT 1   [ RunTime:0.003000s ]
SQL: SHOW COLUMNS FROM `cs_pro` [ RunTime:0.009000s ]
SQL: SELECT `id`,`thumb`,`names`,`description` FROM `cs_pro` WHERE ( `sort2` IN (0,2) ) ORDER BY sort asc  [ RunTime:0.001001s ]
SQL: SELECT `id` FROM `cs_content_category` WHERE ( tpcode='ZXZX' ) LIMIT 1   [ RunTime:0.000000s ]
SQL: SELECT * FROM `cs_content_category` WHERE ( `status` = 1 ) AND ( `pid` = 3 ) ORDER BY sort asc LIMIT 3   [ RunTime:0.001000s ]
SQL: SHOW COLUMNS FROM `cs_content_content` [ RunTime:0.005000s ]
SQL: SELECT * FROM `cs_content_content` WHERE ( col_id = 10 and status=1 ) ORDER BY istop desc,create_time desc,update_time desc LIMIT 6   [ RunTime:0.000000s ]
SQL: SELECT * FROM `cs_content_content` WHERE ( col_id = 26 and status=1 ) ORDER BY istop desc,create_time desc,update_time desc LIMIT 6   [ RunTime:0.000000s ]
SQL: SELECT * FROM `cs_content_content` WHERE ( col_id = 27 and status=1 ) ORDER BY istop desc,create_time desc,update_time desc LIMIT 6   [ RunTime:0.000000s ]
SQL: SHOW COLUMNS FROM cs_ad_content as t1 [ RunTime:0.000000s ]
ERR: 1064:You have an error in your SQL syntax; check the manual that corresponds to your MySQL server version for the right syntax to use near 'as t1' at line 1
 [ SQL语句 ] : SHOW COLUMNS FROM cs_ad_content as t1
SQL: SELECT t1.img,t1.url FROM cs_ad_content as t1 INNER JOIN cs_ad_list as t2 on t1.ad_list_id=t2.id  WHERE ( t2.simple_code='SYGG' )  [ RunTime:0.001000s ]
SQL: SELECT t2.img,t1.id,t2.title,t2.url FROM cs_ad_list t1 left JOIN cs_ad_content t2 on t1.id = t2.ad_list_id  WHERE ( t1.simple_code='SYZXGG' ) ORDER BY sort asc LIMIT 1   [ RunTime:0.007000s ]
SQL: SELECT t1.contents,t1.title,t1.thumb FROM cs_content_content as t1 INNER JOIN cs_content_category as t2 on t1.col_id=t2.id  WHERE ( t2.tpcode='BLZY' and t1.status=1 ) ORDER BY istop desc,t1.create_time desc,update_time desc LIMIT 3   [ RunTime:0.002000s ]
INFO: [ view_parse ] --START--
INFO: [ template_filter ] --START--
INFO: Run Behavior\ContentReplace [ RunTime:0.000000s ]
INFO: [ template_filter ] --END-- [ RunTime:0.000000s ]
INFO: Run Behavior\ParseTemplate [ RunTime:0.026001s ]
INFO: [ view_parse ] --END-- [ RunTime:0.026001s ]
INFO: [ view_filter ] --START--
INFO: Run Behavior\WriteHtmlCache [ RunTime:0.002000s ]
INFO: [ view_filter ] --END-- [ RunTime:0.002000s ]
INFO: [ app_end ] --START--
INFO: Run Behavior\ShowPageTrace [ RunTime:0.001000s ]
INFO: [ app_end ] --END-- [ RunTime:0.002000s ]

[ 2018-11-03T17:01:27+08:00 ] 192.168.2.103 /header.html
INFO: [ app_begin ] --START--
INFO: Run Behavior\ReadHtmlCache [ RunTime:0.001000s ]
INFO: [ app_begin ] --END-- [ RunTime:0.002000s ]
ERR: 无法加载控制器:Header

[ 2018-11-03T17:01:27+08:00 ] 192.168.2.103 /footer.html
INFO: [ app_begin ] --START--
INFO: Run Behavior\ReadHtmlCache [ RunTime:0.002001s ]
INFO: [ app_begin ] --END-- [ RunTime:0.002001s ]
ERR: 无法加载控制器:Footer

[ 2018-11-03T17:01:30+08:00 ] 192.168.2.103 /web/about/page_content/ptpcode/LMCY
INFO: [ app_begin ] --START--
INFO: Run Behavior\ReadHtmlCache [ RunTime:0.002000s ]
INFO: [ app_begin ] --END-- [ RunTime:0.003000s ]
NOTIC: [8192] mysql_connect(): The mysql extension is deprecated and will be removed in the future: use mysqli or PDO instead C:\phpStudy\PHPTutorial\WWW\zwt45\ThinkPHP\Library\Think\Db\Driver\Mysql.class.php 第 52 行.
SQL: SHOW COLUMNS FROM `cs_content_category` [ RunTime:0.007000s ]
SQL: SELECT * FROM `cs_content_category` WHERE ( `pid` = 0 ) AND ( `status` = 1 ) ORDER BY sort asc  [ RunTime:0.000000s ]
SQL: SELECT `col_url` FROM `cs_content_category` WHERE ( `pid` = 41 ) ORDER BY sort asc LIMIT 1   [ RunTime:0.001000s ]
SQL: SELECT `col_url` FROM `cs_content_category` WHERE ( `pid` = 46 ) ORDER BY sort asc LIMIT 1   [ RunTime:0.000000s ]
SQL: SELECT `col_url` FROM `cs_content_category` WHERE ( `pid` = 52 ) ORDER BY sort asc LIMIT 1   [ RunTime:0.000000s ]
SQL: SELECT * FROM `cs_content_category` WHERE ( `tpcode` = 'LMCY' ) LIMIT 1   [ RunTime:0.000000s ]
SQL: SELECT * FROM `cs_content_category` WHERE ( `tpcode` = 'LMCY' ) LIMIT 1   [ RunTime:0.000000s ]
SQL: SELECT * FROM `cs_content_category` WHERE ( `status` = 1 ) AND ( `pid` = 41 ) ORDER BY sort asc  [ RunTime:0.000000s ]
SQL: SELECT * FROM `cs_content_category` WHERE ( `tpcode` = 'LMCY' ) LIMIT 1   [ RunTime:0.001000s ]
SQL: SELECT * FROM `cs_content_category` WHERE ( `pid` = 41 ) AND ( `status` = 1 ) ORDER BY sort asc LIMIT 1   [ RunTime:0.000000s ]
SQL: SELECT * FROM `cs_content_category` WHERE ( tpcode='LMCY' and pid=0 ) LIMIT 1   [ RunTime:0.000000s ]
SQL: SELECT * FROM `cs_content_category` WHERE ( id='42' ) LIMIT 1   [ RunTime:0.000000s ]
SQL: SELECT * FROM `cs_content_category` WHERE ( `id` = 42 ) LIMIT 1   [ RunTime:0.000000s ]
SQL: SHOW COLUMNS FROM cs_ad_list t1 [ RunTime:0.001000s ]
ERR: 1064:You have an error in your SQL syntax; check the manual that corresponds to your MySQL server version for the right syntax to use near 't1' at line 1
 [ SQL语句 ] : SHOW COLUMNS FROM cs_ad_list t1
SQL: SELECT t2.img,t1.id,t2.title,t2.url FROM cs_ad_list t1 left JOIN cs_ad_content t2 on t1.id = t2.ad_list_id  WHERE ( t1.simple_code='LMCY' ) ORDER BY sort asc LIMIT 1   [ RunTime:0.007000s ]
SQL: SHOW COLUMNS FROM `cs_content_content` [ RunTime:0.006000s ]
SQL: SELECT COUNT(*) AS tp_count FROM `cs_content_content` WHERE ( `col_id` = 42 ) AND ( `status` = 1 ) LIMIT 1   [ RunTime:0.001001s ]
SQL: SELECT * FROM `cs_content_content` WHERE ( `col_id` = 42 ) AND ( `status` = 1 ) ORDER BY istop desc,create_time desc,update_time desc LIMIT 0,10   [ RunTime:0.001000s ]
SQL: SELECT * FROM `cs_content_category` WHERE ( `id` = 42 ) LIMIT 1   [ RunTime:0.001000s ]
INFO: [ view_parse ] --START--
INFO: [ template_filter ] --START--
INFO: Run Behavior\ContentReplace [ RunTime:0.000000s ]
INFO: [ template_filter ] --END-- [ RunTime:0.001000s ]
NOTIC: [8] Undefined variable: adimg C:\phpStudy\PHPTutorial\WWW\zwt45\Application\Runtime\Cache\Web\3776fe2913663d859f52be2bfec5ab5a.php 第 149 行.
NOTIC: [8] Undefined variable: adimg C:\phpStudy\PHPTutorial\WWW\zwt45\Application\Runtime\Cache\Web\3776fe2913663d859f52be2bfec5ab5a.php 第 150 行.
NOTIC: [8] Undefined variable: adimg C:\phpStudy\PHPTutorial\WWW\zwt45\Application\Runtime\Cache\Web\3776fe2913663d859f52be2bfec5ab5a.php 第 151 行.
INFO: Run Behavior\ParseTemplate [ RunTime:0.028001s ]
INFO: [ view_parse ] --END-- [ RunTime:0.028001s ]
INFO: [ view_filter ] --START--
INFO: Run Behavior\WriteHtmlCache [ RunTime:0.002001s ]
INFO: [ view_filter ] --END-- [ RunTime:0.002001s ]
INFO: [ app_end ] --START--
INFO: Run Behavior\ShowPageTrace [ RunTime:0.002000s ]
INFO: [ app_end ] --END-- [ RunTime:0.002000s ]

[ 2018-11-03T17:01:31+08:00 ] 192.168.2.103 /web/about/page_content/ptpcode/header.html
INFO: [ app_begin ] --START--
INFO: Run Behavior\ReadHtmlCache [ RunTime:0.002000s ]
INFO: [ app_begin ] --END-- [ RunTime:0.003000s ]
NOTIC: [8192] mysql_connect(): The mysql extension is deprecated and will be removed in the future: use mysqli or PDO instead C:\phpStudy\PHPTutorial\WWW\zwt45\ThinkPHP\Library\Think\Db\Driver\Mysql.class.php 第 52 行.
SQL: SHOW COLUMNS FROM `cs_content_category` [ RunTime:0.009001s ]
SQL: SELECT * FROM `cs_content_category` WHERE ( `pid` = 0 ) AND ( `status` = 1 ) ORDER BY sort asc  [ RunTime:0.002000s ]
SQL: SELECT `col_url` FROM `cs_content_category` WHERE ( `pid` = 41 ) ORDER BY sort asc LIMIT 1   [ RunTime:0.000000s ]
SQL: SELECT `col_url` FROM `cs_content_category` WHERE ( `pid` = 46 ) ORDER BY sort asc LIMIT 1   [ RunTime:0.000000s ]
SQL: SELECT `col_url` FROM `cs_content_category` WHERE ( `pid` = 52 ) ORDER BY sort asc LIMIT 1   [ RunTime:0.001000s ]
SQL: SELECT * FROM `cs_content_category` WHERE ( `tpcode` = 'header' ) LIMIT 1   [ RunTime:0.002000s ]
SQL: SELECT * FROM `cs_content_category` WHERE ( `tpcode` = 'header' ) LIMIT 1   [ RunTime:0.001000s ]
SQL: SELECT * FROM `cs_content_category` WHERE ( `status` = 1 ) AND ( `pid` = null ) ORDER BY sort asc  [ RunTime:0.001000s ]
SQL: SELECT * FROM `cs_content_category` WHERE ( `tpcode` = 'header' ) LIMIT 1   [ RunTime:0.001000s ]
SQL: SELECT * FROM `cs_content_category` WHERE ( `pid` = null ) AND ( `status` = 1 ) ORDER BY sort asc LIMIT 1   [ RunTime:0.000000s ]
SQL: SELECT * FROM `cs_content_category` WHERE ( tpcode='header' and pid=0 ) LIMIT 1   [ RunTime:0.000000s ]
SQL: SELECT * FROM `cs_content_category` WHERE ( id='' ) LIMIT 1   [ RunTime:0.001000s ]
SQL: SELECT * FROM `cs_content_category` WHERE ( `id` = null ) LIMIT 1   [ RunTime:0.001000s ]
SQL: SHOW COLUMNS FROM cs_ad_list t1 [ RunTime:0.000000s ]
ERR: 1064:You have an error in your SQL syntax; check the manual that corresponds to your MySQL server version for the right syntax to use near 't1' at line 1
 [ SQL语句 ] : SHOW COLUMNS FROM cs_ad_list t1
SQL: SELECT t2.img,t1.id,t2.title,t2.url FROM cs_ad_list t1 left JOIN cs_ad_content t2 on t1.id = t2.ad_list_id  WHERE ( t1.simple_code='header' ) ORDER BY sort asc LIMIT 1   [ RunTime:0.010001s ]
SQL: SHOW COLUMNS FROM `cs_content_content` [ RunTime:0.010000s ]
SQL: SELECT COUNT(*) AS tp_count FROM `cs_content_content` WHERE ( `col_id` = 0 ) AND ( `status` = 1 ) LIMIT 1   [ RunTime:0.001000s ]
SQL: SELECT * FROM `cs_content_content` WHERE ( `col_id` = 0 ) AND ( `status` = 1 ) ORDER BY istop desc,create_time desc,update_time desc LIMIT 0,10   [ RunTime:0.002000s ]
SQL: SELECT * FROM `cs_content_category` WHERE ( `id` = 0 ) LIMIT 1   [ RunTime:0.001000s ]
INFO: [ view_parse ] --START--
INFO: [ template_filter ] --START--
INFO: Run Behavior\ContentReplace [ RunTime:0.001000s ]
INFO: [ template_filter ] --END-- [ RunTime:0.001000s ]
NOTIC: [8] Undefined variable: adimg C:\phpStudy\PHPTutorial\WWW\zwt45\Application\Runtime\Cache\Web\3776fe2913663d859f52be2bfec5ab5a.php 第 149 行.
NOTIC: [8] Undefined variable: adimg C:\phpStudy\PHPTutorial\WWW\zwt45\Application\Runtime\Cache\Web\3776fe2913663d859f52be2bfec5ab5a.php 第 150 行.
NOTIC: [8] Undefined variable: adimg C:\phpStudy\PHPTutorial\WWW\zwt45\Application\Runtime\Cache\Web\3776fe2913663d859f52be2bfec5ab5a.php 第 151 行.
INFO: Run Behavior\ParseTemplate [ RunTime:0.023002s ]
INFO: [ view_parse ] --END-- [ RunTime:0.023002s ]
INFO: [ view_filter ] --START--
INFO: Run Behavior\WriteHtmlCache [ RunTime:0.001000s ]
INFO: [ view_filter ] --END-- [ RunTime:0.001000s ]
INFO: [ app_end ] --START--
INFO: Run Behavior\ShowPageTrace [ RunTime:0.004000s ]
INFO: [ app_end ] --END-- [ RunTime:0.004000s ]

[ 2018-11-03T17:01:33+08:00 ] 192.168.2.103 /web/about/page_content/ptpcode/footer.html
INFO: [ app_begin ] --START--
INFO: Run Behavior\ReadHtmlCache [ RunTime:0.002000s ]
INFO: [ app_begin ] --END-- [ RunTime:0.003000s ]
NOTIC: [8192] mysql_connect(): The mysql extension is deprecated and will be removed in the future: use mysqli or PDO instead C:\phpStudy\PHPTutorial\WWW\zwt45\ThinkPHP\Library\Think\Db\Driver\Mysql.class.php 第 52 行.
SQL: SHOW COLUMNS FROM `cs_content_category` [ RunTime:0.008001s ]
SQL: SELECT * FROM `cs_content_category` WHERE ( `pid` = 0 ) AND ( `status` = 1 ) ORDER BY sort asc  [ RunTime:0.001000s ]
SQL: SELECT `col_url` FROM `cs_content_category` WHERE ( `pid` = 41 ) ORDER BY sort asc LIMIT 1   [ RunTime:0.000000s ]
SQL: SELECT `col_url` FROM `cs_content_category` WHERE ( `pid` = 46 ) ORDER BY sort asc LIMIT 1   [ RunTime:0.001000s ]
SQL: SELECT `col_url` FROM `cs_content_category` WHERE ( `pid` = 52 ) ORDER BY sort asc LIMIT 1   [ RunTime:0.000000s ]
SQL: SELECT * FROM `cs_content_category` WHERE ( `tpcode` = 'footer' ) LIMIT 1   [ RunTime:0.000000s ]
SQL: SELECT * FROM `cs_content_category` WHERE ( `tpcode` = 'footer' ) LIMIT 1   [ RunTime:0.001000s ]
SQL: SELECT * FROM `cs_content_category` WHERE ( `status` = 1 ) AND ( `pid` = null ) ORDER BY sort asc  [ RunTime:0.001000s ]
SQL: SELECT * FROM `cs_content_category` WHERE ( `tpcode` = 'footer' ) LIMIT 1   [ RunTime:0.000000s ]
SQL: SELECT * FROM `cs_content_category` WHERE ( `pid` = null ) AND ( `status` = 1 ) ORDER BY sort asc LIMIT 1   [ RunTime:0.001000s ]
SQL: SELECT * FROM `cs_content_category` WHERE ( tpcode='footer' and pid=0 ) LIMIT 1   [ RunTime:0.000000s ]
SQL: SELECT * FROM `cs_content_category` WHERE ( id='' ) LIMIT 1   [ RunTime:0.000000s ]
SQL: SELECT * FROM `cs_content_category` WHERE ( `id` = null ) LIMIT 1   [ RunTime:0.000000s ]
SQL: SHOW COLUMNS FROM cs_ad_list t1 [ RunTime:0.001000s ]
ERR: 1064:You have an error in your SQL syntax; check the manual that corresponds to your MySQL server version for the right syntax to use near 't1' at line 1
 [ SQL语句 ] : SHOW COLUMNS FROM cs_ad_list t1
SQL: SELECT t2.img,t1.id,t2.title,t2.url FROM cs_ad_list t1 left JOIN cs_ad_content t2 on t1.id = t2.ad_list_id  WHERE ( t1.simple_code='footer' ) ORDER BY sort asc LIMIT 1   [ RunTime:0.008001s ]
SQL: SHOW COLUMNS FROM `cs_content_content` [ RunTime:0.006000s ]
SQL: SELECT COUNT(*) AS tp_count FROM `cs_content_content` WHERE ( `col_id` = 0 ) AND ( `status` = 1 ) LIMIT 1   [ RunTime:0.000000s ]
SQL: SELECT * FROM `cs_content_content` WHERE ( `col_id` = 0 ) AND ( `status` = 1 ) ORDER BY istop desc,create_time desc,update_time desc LIMIT 0,10   [ RunTime:0.001001s ]
SQL: SELECT * FROM `cs_content_category` WHERE ( `id` = 0 ) LIMIT 1   [ RunTime:0.001000s ]
INFO: [ view_parse ] --START--
INFO: [ template_filter ] --START--
INFO: Run Behavior\ContentReplace [ RunTime:0.000000s ]
INFO: [ template_filter ] --END-- [ RunTime:0.000000s ]
NOTIC: [8] Undefined variable: adimg C:\phpStudy\PHPTutorial\WWW\zwt45\Application\Runtime\Cache\Web\3776fe2913663d859f52be2bfec5ab5a.php 第 149 行.
NOTIC: [8] Undefined variable: adimg C:\phpStudy\PHPTutorial\WWW\zwt45\Application\Runtime\Cache\Web\3776fe2913663d859f52be2bfec5ab5a.php 第 150 行.
NOTIC: [8] Undefined variable: adimg C:\phpStudy\PHPTutorial\WWW\zwt45\Application\Runtime\Cache\Web\3776fe2913663d859f52be2bfec5ab5a.php 第 151 行.
INFO: Run Behavior\ParseTemplate [ RunTime:0.022001s ]
INFO: [ view_parse ] --END-- [ RunTime:0.022001s ]
INFO: [ view_filter ] --START--
INFO: Run Behavior\WriteHtmlCache [ RunTime:0.001000s ]
INFO: [ view_filter ] --END-- [ RunTime:0.001000s ]
INFO: [ app_end ] --START--
INFO: Run Behavior\ShowPageTrace [ RunTime:0.001000s ]
INFO: [ app_end ] --END-- [ RunTime:0.001000s ]

[ 2018-11-03T17:50:52+08:00 ] 192.168.2.103 /web/map/index/ptpcode/LMCY
INFO: [ app_begin ] --START--
INFO: Run Behavior\ReadHtmlCache [ RunTime:0.006000s ]
INFO: [ app_begin ] --END-- [ RunTime:0.011000s ]
NOTIC: [8192] mysql_connect(): The mysql extension is deprecated and will be removed in the future: use mysqli or PDO instead C:\phpStudy\PHPTutorial\WWW\zwt45\ThinkPHP\Library\Think\Db\Driver\Mysql.class.php 第 52 行.
SQL: SHOW COLUMNS FROM `cs_content_category` [ RunTime:0.015001s ]
SQL: SELECT * FROM `cs_content_category` WHERE ( `pid` = 0 ) AND ( `status` = 1 ) ORDER BY sort asc  [ RunTime:0.001000s ]
SQL: SELECT `col_url` FROM `cs_content_category` WHERE ( `pid` = 41 ) ORDER BY sort asc LIMIT 1   [ RunTime:0.000000s ]
SQL: SELECT `col_url` FROM `cs_content_category` WHERE ( `pid` = 46 ) ORDER BY sort asc LIMIT 1   [ RunTime:0.000000s ]
SQL: SELECT `col_url` FROM `cs_content_category` WHERE ( `pid` = 52 ) ORDER BY sort asc LIMIT 1   [ RunTime:0.000000s ]
SQL: SELECT * FROM `cs_content_category` WHERE ( `tpcode` = 'LMCY' ) LIMIT 1   [ RunTime:0.000000s ]
SQL: SELECT * FROM `cs_content_category` WHERE ( `tpcode` = 'LMCY' ) LIMIT 1   [ RunTime:0.000000s ]
SQL: SELECT * FROM `cs_content_category` WHERE ( `status` = 1 ) AND ( `pid` = 41 ) ORDER BY sort asc  [ RunTime:0.001000s ]
SQL: SELECT * FROM `cs_content_category` WHERE ( `tpcode` = 'LMCY' ) LIMIT 1   [ RunTime:0.001000s ]
SQL: SELECT * FROM `cs_content_category` WHERE ( `pid` = 41 ) AND ( `status` = 1 ) ORDER BY sort asc LIMIT 1   [ RunTime:0.001000s ]
SQL: SELECT * FROM `cs_content_category` WHERE ( tpcode='LMCY' and pid=0 ) LIMIT 1   [ RunTime:0.001000s ]
SQL: SELECT * FROM `cs_content_category` WHERE ( id='42' ) LIMIT 1   [ RunTime:0.000000s ]
SQL: SELECT * FROM `cs_content_category` WHERE ( `id` = 42 ) LIMIT 1   [ RunTime:0.000000s ]
SQL: SHOW COLUMNS FROM cs_ad_list t1 [ RunTime:0.000000s ]
ERR: 1064:You have an error in your SQL syntax; check the manual that corresponds to your MySQL server version for the right syntax to use near 't1' at line 1
 [ SQL语句 ] : SHOW COLUMNS FROM cs_ad_list t1
SQL: SELECT t2.img,t1.id,t2.title,t2.url FROM cs_ad_list t1 left JOIN cs_ad_content t2 on t1.id = t2.ad_list_id  WHERE ( t1.simple_code='LMCY' ) ORDER BY sort asc LIMIT 1   [ RunTime:0.024001s ]
SQL: SHOW COLUMNS FROM `cs_content_content` [ RunTime:0.015001s ]
SQL: SELECT COUNT(*) AS tp_count FROM `cs_content_content` WHERE ( `col_id` = 42 ) AND ( `status` = 1 ) LIMIT 1   [ RunTime:0.001000s ]
SQL: SELECT * FROM `cs_content_content` WHERE ( `col_id` = 42 ) AND ( `status` = 1 ) ORDER BY istop desc,create_time desc,update_time desc LIMIT 0,10   [ RunTime:0.003000s ]
SQL: SELECT * FROM `cs_content_category` WHERE ( `id` = 32 ) LIMIT 1   [ RunTime:0.000000s ]
INFO: [ view_parse ] --START--
INFO: [ template_filter ] --START--
INFO: Run Behavior\ContentReplace [ RunTime:0.000000s ]
INFO: [ template_filter ] --END-- [ RunTime:0.000000s ]
INFO: Run Behavior\ParseTemplate [ RunTime:0.051003s ]
INFO: [ view_parse ] --END-- [ RunTime:0.051003s ]
INFO: [ view_filter ] --START--
INFO: Run Behavior\WriteHtmlCache [ RunTime:0.002000s ]
INFO: [ view_filter ] --END-- [ RunTime:0.002000s ]
INFO: [ app_end ] --START--
INFO: Run Behavior\ShowPageTrace [ RunTime:0.004000s ]
INFO: [ app_end ] --END-- [ RunTime:0.004000s ]

[ 2018-11-03T17:54:03+08:00 ] 192.168.2.103 /web/map/index/ptpcode/LMCY
INFO: [ app_begin ] --START--
INFO: Run Behavior\ReadHtmlCache [ RunTime:0.001000s ]
INFO: [ app_begin ] --END-- [ RunTime:0.002000s ]
NOTIC: [8192] mysql_connect(): The mysql extension is deprecated and will be removed in the future: use mysqli or PDO instead C:\phpStudy\PHPTutorial\WWW\zwt45\ThinkPHP\Library\Think\Db\Driver\Mysql.class.php 第 52 行.
SQL: SHOW COLUMNS FROM `cs_content_category` [ RunTime:0.011000s ]
SQL: SELECT * FROM `cs_content_category` WHERE ( `pid` = 0 ) AND ( `status` = 1 ) ORDER BY sort asc  [ RunTime:0.001000s ]
SQL: SELECT `col_url` FROM `cs_content_category` WHERE ( `pid` = 41 ) ORDER BY sort asc LIMIT 1   [ RunTime:0.001000s ]
SQL: SELECT `col_url` FROM `cs_content_category` WHERE ( `pid` = 46 ) ORDER BY sort asc LIMIT 1   [ RunTime:0.000000s ]
SQL: SELECT `col_url` FROM `cs_content_category` WHERE ( `pid` = 52 ) ORDER BY sort asc LIMIT 1   [ RunTime:0.000000s ]
SQL: SELECT * FROM `cs_content_category` WHERE ( `tpcode` = 'LMCY' ) LIMIT 1   [ RunTime:0.000000s ]
SQL: SELECT * FROM `cs_content_category` WHERE ( `tpcode` = 'LMCY' ) LIMIT 1   [ RunTime:0.000000s ]
SQL: SELECT * FROM `cs_content_category` WHERE ( `status` = 1 ) AND ( `pid` = 41 ) ORDER BY sort asc  [ RunTime:0.001000s ]
SQL: SELECT * FROM `cs_content_category` WHERE ( `tpcode` = 'LMCY' ) LIMIT 1   [ RunTime:0.000000s ]
SQL: SELECT * FROM `cs_content_category` WHERE ( `pid` = 41 ) AND ( `status` = 1 ) ORDER BY sort asc LIMIT 1   [ RunTime:0.001000s ]
SQL: SELECT * FROM `cs_content_category` WHERE ( tpcode='LMCY' and pid=0 ) LIMIT 1   [ RunTime:0.000000s ]
SQL: SELECT * FROM `cs_content_category` WHERE ( id='42' ) LIMIT 1   [ RunTime:0.001000s ]
SQL: SELECT * FROM `cs_content_category` WHERE ( `id` = 42 ) LIMIT 1   [ RunTime:0.001000s ]
SQL: SHOW COLUMNS FROM cs_ad_list t1 [ RunTime:0.000000s ]
ERR: 1064:You have an error in your SQL syntax; check the manual that corresponds to your MySQL server version for the right syntax to use near 't1' at line 1
 [ SQL语句 ] : SHOW COLUMNS FROM cs_ad_list t1
SQL: SELECT t2.img,t1.id,t2.title,t2.url FROM cs_ad_list t1 left JOIN cs_ad_content t2 on t1.id = t2.ad_list_id  WHERE ( t1.simple_code='LMCY' ) ORDER BY sort asc LIMIT 1   [ RunTime:0.010000s ]
SQL: SHOW COLUMNS FROM `cs_content_content` [ RunTime:0.010000s ]
SQL: SELECT COUNT(*) AS tp_count FROM `cs_content_content` WHERE ( `col_id` = 42 ) AND ( `status` = 1 ) LIMIT 1   [ RunTime:0.001000s ]
SQL: SELECT * FROM `cs_content_content` WHERE ( `col_id` = 42 ) AND ( `status` = 1 ) ORDER BY istop desc,create_time desc,update_time desc LIMIT 0,10   [ RunTime:0.001000s ]
SQL: SELECT * FROM `cs_content_category` WHERE ( `id` = 32 ) LIMIT 1   [ RunTime:0.001000s ]
INFO: [ view_parse ] --START--
INFO: [ template_filter ] --START--
INFO: Run Behavior\ContentReplace [ RunTime:0.000000s ]
INFO: [ template_filter ] --END-- [ RunTime:0.000000s ]
INFO: Run Behavior\ParseTemplate [ RunTime:0.043003s ]
INFO: [ view_parse ] --END-- [ RunTime:0.043003s ]
INFO: [ view_filter ] --START--
INFO: Run Behavior\WriteHtmlCache [ RunTime:0.001000s ]
INFO: [ view_filter ] --END-- [ RunTime:0.001000s ]
INFO: [ app_end ] --START--
INFO: Run Behavior\ShowPageTrace [ RunTime:0.001000s ]
INFO: [ app_end ] --END-- [ RunTime:0.001000s ]

