[ 2018-11-09T11:59:47+08:00 ] 192.168.0.43 /home
INFO: [ app_begin ] --START--
INFO: Run Behavior\ReadHtmlCache [ RunTime:0.008428s ]
INFO: [ app_begin ] --END-- [ RunTime:0.011790s ]

[ 2018-11-09T11:59:48+08:00 ] 192.168.0.43 /Home/User/
INFO: [ app_begin ] --START--
INFO: Run Behavior\ReadHtmlCache [ RunTime:0.005137s ]
INFO: [ app_begin ] --END-- [ RunTime:0.008549s ]
NOTIC: [8192] mysql_connect(): The mysql extension is deprecated and will be removed in the future: use mysqli or PDO instead C:\phpStudy\PHPTutorial\WWW\zwt45\ThinkPHP\Library\Think\Db\Driver\Mysql.class.php 第 52 行.
SQL: SHOW COLUMNS FROM cs_userrole as a [ RunTime:0.022411s ]
ERR: 1064:You have an error in your SQL syntax; check the manual that corresponds to your MySQL server version for the right syntax to use near 'as a' at line 1
 [ SQL语句 ] : SHOW COLUMNS FROM cs_userrole as a
SQL: SELECT menu_Id,menu_name,menu_url,relation_Id FROM `cs_menu` where menu_Id IN (SELECT distinct menu_Id FROM `cs_rolemenu` as a LEFT JOIN `cs_role` as b ON a.role_Id=b.role_Id where a.role_Id IN (SELECT role_Id FROM `cs_userrole` where (`user_Id` = '6' and b.`role_status` = 1 and `menu_status` = 1 and `relation_Id` = 0 and `menu_show` = 1) )) order by menu_sort asc [ RunTime:0.024151s ]
SQL: SELECT menu_Id,menu_name,menu_url,relation_Id FROM `cs_menu` where menu_Id IN (SELECT distinct menu_Id FROM `cs_rolemenu` as a LEFT JOIN `cs_role` as b ON a.role_Id=b.role_Id where a.role_Id IN (SELECT role_Id FROM `cs_userrole` where (`user_Id` = '6' and b.`role_status` = 1 and `menu_status` = 1 and `relation_Id` = '1' and `menu_show` = 1) )) order by menu_sort asc [ RunTime:0.023830s ]
SQL: SELECT menu_Id,menu_name,menu_url,relation_Id FROM `cs_menu` where menu_Id IN (SELECT distinct menu_Id FROM `cs_rolemenu` as a LEFT JOIN `cs_role` as b ON a.role_Id=b.role_Id where a.role_Id IN (SELECT role_Id FROM `cs_userrole` where (`user_Id` = '6' and b.`role_status` = 1 and `menu_status` = 1 and `relation_Id` = '63' and `menu_show` = 1) )) order by menu_sort asc [ RunTime:0.023843s ]
SQL: SELECT menu_Id,menu_name,menu_url,relation_Id FROM `cs_menu` where menu_Id IN (SELECT distinct menu_Id FROM `cs_rolemenu` as a LEFT JOIN `cs_role` as b ON a.role_Id=b.role_Id where a.role_Id IN (SELECT role_Id FROM `cs_userrole` where (`user_Id` = '6' and b.`role_status` = 1 and `menu_status` = 1 and `relation_Id` = '66' and `menu_show` = 1) )) order by menu_sort asc [ RunTime:0.023466s ]
NOTIC: [8] Undefined index: begin C:\phpStudy\PHPTutorial\WWW\zwt45\ThinkPHP\Common\functions.php 第 90 行.
INFO: [ view_parse ] --START--
INFO: [ template_filter ] --START--
INFO: Run Behavior\ContentReplace [ RunTime:0.000103s ]
INFO: [ template_filter ] --END-- [ RunTime:0.000249s ]
NOTIC: [8] Undefined index: key C:\phpStudy\PHPTutorial\WWW\zwt45\Application\Runtime\Cache\Home\6830cbac89ff06451c77cd8769d6d4ca.php 第 80 行.
NOTIC: [8] Undefined index: key C:\phpStudy\PHPTutorial\WWW\zwt45\Application\Runtime\Cache\Home\6830cbac89ff06451c77cd8769d6d4ca.php 第 80 行.
NOTIC: [8] Undefined index: key C:\phpStudy\PHPTutorial\WWW\zwt45\Application\Runtime\Cache\Home\6830cbac89ff06451c77cd8769d6d4ca.php 第 80 行.
INFO: Run Behavior\ParseTemplate [ RunTime:0.047070s ]
INFO: [ view_parse ] --END-- [ RunTime:0.047232s ]
INFO: [ view_filter ] --START--
INFO: Run Behavior\WriteHtmlCache [ RunTime:0.005367s ]
INFO: [ view_filter ] --END-- [ RunTime:0.005503s ]
INFO: [ app_end ] --START--
INFO: Run Behavior\ShowPageTrace [ RunTime:0.007239s ]
INFO: [ app_end ] --END-- [ RunTime:0.007401s ]

[ 2018-11-09T11:59:51+08:00 ] 192.168.0.43 /Home/Column/index
INFO: [ app_begin ] --START--
INFO: Run Behavior\ReadHtmlCache [ RunTime:0.005387s ]
INFO: [ app_begin ] --END-- [ RunTime:0.008934s ]
NOTIC: [8192] mysql_connect(): The mysql extension is deprecated and will be removed in the future: use mysqli or PDO instead C:\phpStudy\PHPTutorial\WWW\zwt45\ThinkPHP\Library\Think\Db\Driver\Mysql.class.php 第 52 行.
SQL: SHOW COLUMNS FROM cs_userrole as a [ RunTime:0.017514s ]
ERR: 1064:You have an error in your SQL syntax; check the manual that corresponds to your MySQL server version for the right syntax to use near 'as a' at line 1
 [ SQL语句 ] : SHOW COLUMNS FROM cs_userrole as a
SQL: SELECT menu_Id,menu_name,menu_url,relation_Id FROM `cs_menu` where menu_Id IN (SELECT distinct menu_Id FROM `cs_rolemenu` as a LEFT JOIN `cs_role` as b ON a.role_Id=b.role_Id where a.role_Id IN (SELECT role_Id FROM `cs_userrole` where (`user_Id` = '6' and b.`role_status` = 1 and `menu_status` = 1 and `relation_Id` = 0 and `menu_show` = 1) )) order by menu_sort asc [ RunTime:0.017362s ]
SQL: SELECT menu_Id,menu_name,menu_url,relation_Id FROM `cs_menu` where menu_Id IN (SELECT distinct menu_Id FROM `cs_rolemenu` as a LEFT JOIN `cs_role` as b ON a.role_Id=b.role_Id where a.role_Id IN (SELECT role_Id FROM `cs_userrole` where (`user_Id` = '6' and b.`role_status` = 1 and `menu_status` = 1 and `relation_Id` = '1' and `menu_show` = 1) )) order by menu_sort asc [ RunTime:0.016879s ]
SQL: SELECT menu_Id,menu_name,menu_url,relation_Id FROM `cs_menu` where menu_Id IN (SELECT distinct menu_Id FROM `cs_rolemenu` as a LEFT JOIN `cs_role` as b ON a.role_Id=b.role_Id where a.role_Id IN (SELECT role_Id FROM `cs_userrole` where (`user_Id` = '6' and b.`role_status` = 1 and `menu_status` = 1 and `relation_Id` = '63' and `menu_show` = 1) )) order by menu_sort asc [ RunTime:0.017312s ]
SQL: SELECT menu_Id,menu_name,menu_url,relation_Id FROM `cs_menu` where menu_Id IN (SELECT distinct menu_Id FROM `cs_rolemenu` as a LEFT JOIN `cs_role` as b ON a.role_Id=b.role_Id where a.role_Id IN (SELECT role_Id FROM `cs_userrole` where (`user_Id` = '6' and b.`role_status` = 1 and `menu_status` = 1 and `relation_Id` = '66' and `menu_show` = 1) )) order by menu_sort asc [ RunTime:0.016755s ]
NOTIC: [8] Undefined index: begin C:\phpStudy\PHPTutorial\WWW\zwt45\ThinkPHP\Common\functions.php 第 90 行.
SQL: SHOW COLUMNS FROM `cs_content_category` [ RunTime:0.017264s ]
SQL: SELECT * FROM `cs_content_category` WHERE ( `pid` = 0 ) ORDER BY sort asc  [ RunTime:0.017372s ]
SQL: SELECT * FROM `cs_content_category` WHERE ( `pid` = 41 ) ORDER BY sort asc  [ RunTime:0.017117s ]
SQL: SELECT * FROM `cs_content_category` WHERE ( `pid` = 46 ) ORDER BY sort asc  [ RunTime:0.017475s ]
SQL: SELECT * FROM `cs_content_category` WHERE ( `pid` = 52 ) ORDER BY sort asc  [ RunTime:0.017519s ]
INFO: [ view_parse ] --START--
INFO: [ template_filter ] --START--
INFO: Run Behavior\ContentReplace [ RunTime:0.000192s ]
INFO: [ template_filter ] --END-- [ RunTime:0.000368s ]
NOTIC: [8] Undefined index: key C:\phpStudy\PHPTutorial\WWW\zwt45\Application\Runtime\Cache\Home\21f34892b027585a83cee1d28c21daa6.php 第 76 行.
NOTIC: [8] Undefined index: key C:\phpStudy\PHPTutorial\WWW\zwt45\Application\Runtime\Cache\Home\21f34892b027585a83cee1d28c21daa6.php 第 76 行.
INFO: Run Behavior\ParseTemplate [ RunTime:0.059822s ]
INFO: [ view_parse ] --END-- [ RunTime:0.059987s ]
INFO: [ view_filter ] --START--
INFO: Run Behavior\WriteHtmlCache [ RunTime:0.005226s ]
INFO: [ view_filter ] --END-- [ RunTime:0.005399s ]
INFO: [ app_end ] --START--
INFO: Run Behavior\ShowPageTrace [ RunTime:0.007902s ]
INFO: [ app_end ] --END-- [ RunTime:0.008121s ]

[ 2018-11-09T11:59:53+08:00 ] 192.168.0.43 /Home/Column/content_list
INFO: [ app_begin ] --START--
INFO: Run Behavior\ReadHtmlCache [ RunTime:0.006322s ]
INFO: [ app_begin ] --END-- [ RunTime:0.009502s ]
NOTIC: [8192] mysql_connect(): The mysql extension is deprecated and will be removed in the future: use mysqli or PDO instead C:\phpStudy\PHPTutorial\WWW\zwt45\ThinkPHP\Library\Think\Db\Driver\Mysql.class.php 第 52 行.
SQL: SHOW COLUMNS FROM cs_userrole as a [ RunTime:0.016469s ]
ERR: 1064:You have an error in your SQL syntax; check the manual that corresponds to your MySQL server version for the right syntax to use near 'as a' at line 1
 [ SQL语句 ] : SHOW COLUMNS FROM cs_userrole as a
SQL: SELECT menu_Id,menu_name,menu_url,relation_Id FROM `cs_menu` where menu_Id IN (SELECT distinct menu_Id FROM `cs_rolemenu` as a LEFT JOIN `cs_role` as b ON a.role_Id=b.role_Id where a.role_Id IN (SELECT role_Id FROM `cs_userrole` where (`user_Id` = '6' and b.`role_status` = 1 and `menu_status` = 1 and `relation_Id` = 0 and `menu_show` = 1) )) order by menu_sort asc [ RunTime:0.016930s ]
SQL: SELECT menu_Id,menu_name,menu_url,relation_Id FROM `cs_menu` where menu_Id IN (SELECT distinct menu_Id FROM `cs_rolemenu` as a LEFT JOIN `cs_role` as b ON a.role_Id=b.role_Id where a.role_Id IN (SELECT role_Id FROM `cs_userrole` where (`user_Id` = '6' and b.`role_status` = 1 and `menu_status` = 1 and `relation_Id` = '1' and `menu_show` = 1) )) order by menu_sort asc [ RunTime:0.016794s ]
SQL: SELECT menu_Id,menu_name,menu_url,relation_Id FROM `cs_menu` where menu_Id IN (SELECT distinct menu_Id FROM `cs_rolemenu` as a LEFT JOIN `cs_role` as b ON a.role_Id=b.role_Id where a.role_Id IN (SELECT role_Id FROM `cs_userrole` where (`user_Id` = '6' and b.`role_status` = 1 and `menu_status` = 1 and `relation_Id` = '63' and `menu_show` = 1) )) order by menu_sort asc [ RunTime:0.016499s ]
SQL: SELECT menu_Id,menu_name,menu_url,relation_Id FROM `cs_menu` where menu_Id IN (SELECT distinct menu_Id FROM `cs_rolemenu` as a LEFT JOIN `cs_role` as b ON a.role_Id=b.role_Id where a.role_Id IN (SELECT role_Id FROM `cs_userrole` where (`user_Id` = '6' and b.`role_status` = 1 and `menu_status` = 1 and `relation_Id` = '66' and `menu_show` = 1) )) order by menu_sort asc [ RunTime:0.016736s ]
NOTIC: [8] Undefined index: begin C:\phpStudy\PHPTutorial\WWW\zwt45\ThinkPHP\Common\functions.php 第 90 行.
SQL: SHOW COLUMNS FROM `cs_content_content` [ RunTime:0.016862s ]
SQL: SHOW COLUMNS FROM `cs_content_category` [ RunTime:0.016842s ]
SQL: SELECT `id`,`pid`,`name`,`status` FROM `cs_content_category` WHERE ( `pid` = 0 ) ORDER BY sort asc  [ RunTime:0.016309s ]
SQL: SELECT `id`,`pid`,`name`,`status` FROM `cs_content_category` WHERE ( `pid` = 41 ) ORDER BY sort asc  [ RunTime:0.016031s ]
SQL: SELECT `id`,`pid`,`name`,`status` FROM `cs_content_category` WHERE ( `pid` = 46 ) ORDER BY sort asc  [ RunTime:0.016255s ]
SQL: SELECT `id`,`pid`,`name`,`status` FROM `cs_content_category` WHERE ( `pid` = 52 ) ORDER BY sort asc  [ RunTime:0.016193s ]
SQL: select * from cs_content_content where 1=1  order by istop desc,create_time desc,update_time desc [ RunTime:0.112888s ]
INFO: [ view_parse ] --START--
INFO: [ template_filter ] --START--
INFO: Run Behavior\ContentReplace [ RunTime:0.000129s ]
INFO: [ template_filter ] --END-- [ RunTime:0.000272s ]
NOTIC: [8] Undefined index: key C:\phpStudy\PHPTutorial\WWW\zwt45\Application\Runtime\Cache\Home\fd254018c4369c34bb49168b7a47c67c.php 第 76 行.
NOTIC: [8] Undefined index: key C:\phpStudy\PHPTutorial\WWW\zwt45\Application\Runtime\Cache\Home\fd254018c4369c34bb49168b7a47c67c.php 第 76 行.
INFO: Run Behavior\ParseTemplate [ RunTime:0.072449s ]
INFO: [ view_parse ] --END-- [ RunTime:0.072667s ]
INFO: [ view_filter ] --START--
INFO: Run Behavior\WriteHtmlCache [ RunTime:0.005456s ]
INFO: [ view_filter ] --END-- [ RunTime:0.005875s ]
INFO: [ app_end ] --START--
INFO: Run Behavior\ShowPageTrace [ RunTime:0.008277s ]
INFO: [ app_end ] --END-- [ RunTime:0.008483s ]

[ 2018-11-09T11:59:58+08:00 ] 192.168.0.43 /Home/Column/content_edit_index/u/64/o/edit/
INFO: [ app_begin ] --START--
INFO: Run Behavior\ReadHtmlCache [ RunTime:0.004437s ]
INFO: [ app_begin ] --END-- [ RunTime:0.007630s ]
NOTIC: [8192] mysql_connect(): The mysql extension is deprecated and will be removed in the future: use mysqli or PDO instead C:\phpStudy\PHPTutorial\WWW\zwt45\ThinkPHP\Library\Think\Db\Driver\Mysql.class.php 第 52 行.
SQL: SHOW COLUMNS FROM cs_userrole as a [ RunTime:0.016510s ]
ERR: 1064:You have an error in your SQL syntax; check the manual that corresponds to your MySQL server version for the right syntax to use near 'as a' at line 1
 [ SQL语句 ] : SHOW COLUMNS FROM cs_userrole as a
SQL: SELECT menu_Id,menu_name,menu_url,relation_Id FROM `cs_menu` where menu_Id IN (SELECT distinct menu_Id FROM `cs_rolemenu` as a LEFT JOIN `cs_role` as b ON a.role_Id=b.role_Id where a.role_Id IN (SELECT role_Id FROM `cs_userrole` where (`user_Id` = '6' and b.`role_status` = 1 and `menu_status` = 1 and `relation_Id` = 0 and `menu_show` = 1) )) order by menu_sort asc [ RunTime:0.018031s ]
SQL: SELECT menu_Id,menu_name,menu_url,relation_Id FROM `cs_menu` where menu_Id IN (SELECT distinct menu_Id FROM `cs_rolemenu` as a LEFT JOIN `cs_role` as b ON a.role_Id=b.role_Id where a.role_Id IN (SELECT role_Id FROM `cs_userrole` where (`user_Id` = '6' and b.`role_status` = 1 and `menu_status` = 1 and `relation_Id` = '1' and `menu_show` = 1) )) order by menu_sort asc [ RunTime:0.017526s ]
SQL: SELECT menu_Id,menu_name,menu_url,relation_Id FROM `cs_menu` where menu_Id IN (SELECT distinct menu_Id FROM `cs_rolemenu` as a LEFT JOIN `cs_role` as b ON a.role_Id=b.role_Id where a.role_Id IN (SELECT role_Id FROM `cs_userrole` where (`user_Id` = '6' and b.`role_status` = 1 and `menu_status` = 1 and `relation_Id` = '63' and `menu_show` = 1) )) order by menu_sort asc [ RunTime:0.017432s ]
SQL: SELECT menu_Id,menu_name,menu_url,relation_Id FROM `cs_menu` where menu_Id IN (SELECT distinct menu_Id FROM `cs_rolemenu` as a LEFT JOIN `cs_role` as b ON a.role_Id=b.role_Id where a.role_Id IN (SELECT role_Id FROM `cs_userrole` where (`user_Id` = '6' and b.`role_status` = 1 and `menu_status` = 1 and `relation_Id` = '66' and `menu_show` = 1) )) order by menu_sort asc [ RunTime:0.017159s ]
NOTIC: [8] Undefined index: begin C:\phpStudy\PHPTutorial\WWW\zwt45\ThinkPHP\Common\functions.php 第 90 行.
SQL: SHOW COLUMNS FROM `cs_content_content` [ RunTime:0.016936s ]
SQL: SHOW COLUMNS FROM `cs_content_category` [ RunTime:0.017141s ]
SQL: SELECT `id`,`pid`,`name`,`status` FROM `cs_content_category` WHERE ( `pid` = 0 ) ORDER BY sort asc  [ RunTime:0.016697s ]
SQL: SELECT `id`,`pid`,`name`,`status` FROM `cs_content_category` WHERE ( `pid` = 41 ) ORDER BY sort asc  [ RunTime:0.016961s ]
SQL: SELECT `id`,`pid`,`name`,`status` FROM `cs_content_category` WHERE ( `pid` = 46 ) ORDER BY sort asc  [ RunTime:0.016374s ]
SQL: SELECT `id`,`pid`,`name`,`status` FROM `cs_content_category` WHERE ( `pid` = 52 ) ORDER BY sort asc  [ RunTime:0.016973s ]
SQL: SELECT * FROM `cs_content_content` WHERE ( `id`='64' ) LIMIT 1   [ RunTime:0.113051s ]
INFO: [ view_parse ] --START--
INFO: [ template_filter ] --START--
INFO: Run Behavior\ContentReplace [ RunTime:0.000178s ]
INFO: [ template_filter ] --END-- [ RunTime:0.000291s ]
NOTIC: [8] Undefined index: key C:\phpStudy\PHPTutorial\WWW\zwt45\Application\Runtime\Cache\Home\b8a5856f2f4012be890dfef829def6a5.php 第 86 行.
NOTIC: [8] Undefined index: key C:\phpStudy\PHPTutorial\WWW\zwt45\Application\Runtime\Cache\Home\b8a5856f2f4012be890dfef829def6a5.php 第 86 行.
NOTIC: [8] Undefined index: key C:\phpStudy\PHPTutorial\WWW\zwt45\Application\Runtime\Cache\Home\b8a5856f2f4012be890dfef829def6a5.php 第 86 行.
NOTIC: [8] Undefined variable: time C:\phpStudy\PHPTutorial\WWW\zwt45\Application\Runtime\Cache\Home\b8a5856f2f4012be890dfef829def6a5.php 第 141 行.
INFO: Run Behavior\ParseTemplate [ RunTime:0.059222s ]
INFO: [ view_parse ] --END-- [ RunTime:0.059434s ]
INFO: [ view_filter ] --START--
INFO: Run Behavior\WriteHtmlCache [ RunTime:0.004389s ]
INFO: [ view_filter ] --END-- [ RunTime:0.004488s ]
INFO: [ app_end ] --START--
INFO: Run Behavior\ShowPageTrace [ RunTime:0.005986s ]
INFO: [ app_end ] --END-- [ RunTime:0.006770s ]

